<?xml version="1.0" encoding="UTF-8"?>
<!-- Generated by org.testng.reporters.JUnitReportReporter -->
<testsuite hostname="shbudipa" name="com.pld.restassured.dashboard.DemandCoverageAsOf" tests="2" failures="0" timestamp="24 May 2019 11:29:28 GMT" time="42.082" errors="0">
  <testcase name="verifyDemandCoverageAsOfTest" time="20.968" classname="com.pld.restassured.dashboard.DemandCoverageAsOf"/>
  <testcase name="verifyDemandCoverageChartTest" time="21.114" classname="com.pld.restassured.dashboard.DemandCoverageAsOf"/>
</testsuite> <!-- com.pld.restassured.dashboard.DemandCoverageAsOf -->
