<?xml version="1.0" encoding="UTF-8"?>
<!-- Generated by org.testng.reporters.JUnitReportReporter -->
<testsuite hostname="shbudipa" name="com.pld.Test.DashBoardTest" tests="10" failures="0" timestamp="17 May 2019 11:00:32 GMT" time="40.102" errors="0">
  <testcase name="verifyHelpButtonTest" time="0.115" classname="com.pld.Test.DashBoardTest"/>
  <testcase name="verifyIBMLogoTest" time="0.517" classname="com.pld.Test.DashBoardTest"/>
  <testcase name="verifyPersonIconTest" time="0.145" classname="com.pld.Test.DashBoardTest"/>
  <testcase name="verifyPracticeLeaderTextTest" time="0.173" classname="com.pld.Test.DashBoardTest"/>
  <testcase name="verifyDashboardTextTest" time="35.646" classname="com.pld.Test.DashBoardTest"/>
  <testcase name="selectionofGlobalCenterTest" time="2.618" classname="com.pld.Test.DashBoardTest"/>
  <testcase name="verifyDarkThemeTest" time="0.131" classname="com.pld.Test.DashBoardTest"/>
  <testcase name="verifyIBMConfidentialTextTest" time="0.228" classname="com.pld.Test.DashBoardTest"/>
  <testcase name="verifyFilterIconTest" time="0.346" classname="com.pld.Test.DashBoardTest"/>
  <testcase name="verifyWhiteThemeTest" time="0.183" classname="com.pld.Test.DashBoardTest"/>
</testsuite> <!-- com.pld.Test.DashBoardTest -->
