<?xml version="1.0" encoding="UTF-8"?>
<!-- Generated by org.testng.reporters.JUnitReportReporter -->
<testsuite hostname="shbudipa" name="com.pld.restassured.DemandCoverageAPITest" tests="4" failures="0" timestamp="12 Jun 2019 11:29:40 GMT" time="303.687" errors="0">
  <testcase name="verifyDemandCoverageExpAsOf" time="49.082" classname="com.pld.restassured.DemandCoverageAPITest"/>
  <testcase name="verifyOpportunityDetailsASOfAPI" time="40.970" classname="com.pld.restassured.DemandCoverageAPITest"/>
  <testcase name="verifyOpportunityDetailsViewdropdown" time="41.682" classname="com.pld.restassured.DemandCoverageAPITest"/>
  <testcase name="verifyOpportunityDetailstableAPI" time="171.953" classname="com.pld.restassured.DemandCoverageAPITest"/>
</testsuite> <!-- com.pld.restassured.DemandCoverageAPITest -->
