<?xml version="1.0" encoding="UTF-8"?>
<!-- Generated by org.testng.reporters.JUnitReportReporter -->
<testsuite hostname="shbudipa" name="com.pld.restassured.dashboard.LearningAPITest" tests="4" failures="0" timestamp="12 Jun 2019 11:29:40 GMT" time="237.548" errors="0">
  <testcase name="verifyTrainingDaysTest" time="80.641" classname="com.pld.restassured.dashboard.LearningAPITest"/>
  <testcase name="verifyLearningAsOf" time="26.361" classname="com.pld.restassured.dashboard.LearningAPITest"/>
  <testcase name="verifyThinkFourtyTest" time="32.955" classname="com.pld.restassured.dashboard.LearningAPITest"/>
  <testcase name="verifyDaysOrpersonByDeliveryTypeTest" time="97.591" classname="com.pld.restassured.dashboard.LearningAPITest"/>
</testsuite> <!-- com.pld.restassured.dashboard.LearningAPITest -->
