<?xml version="1.0" encoding="UTF-8"?>
<!-- Generated by org.testng.reporters.JUnitReportReporter -->
<testsuite hostname="shbudipa" name="com.pld.restassured.dashboard.BandPyramidAPITest" tests="2" failures="0" timestamp="12 Jun 2019 11:29:40 GMT" time="83.601" errors="0">
  <testcase name="verifyBandPyramidAsOfTest" time="32.827" classname="com.pld.restassured.dashboard.BandPyramidAPITest"/>
  <testcase name="verifyBandPyramidChartTest" time="50.774" classname="com.pld.restassured.dashboard.BandPyramidAPITest"/>
</testsuite> <!-- com.pld.restassured.dashboard.BandPyramidAPITest -->
