<?xml version="1.0" encoding="UTF-8"?>
<!-- Generated by org.testng.reporters.JUnitReportReporter -->
<testsuite hostname="shbudipa" name="com.pld.restassured.GapTopExcesses" tests="1" failures="0" timestamp="13 Mar 2019 07:16:48 GMT" time="2.596" errors="0">
  <testcase name="verifyTopExcesses" time="2.596" classname="com.pld.restassured.GapTopExcesses"/>
</testsuite> <!-- com.pld.restassured.GapTopExcesses -->
