<?xml version="1.0" encoding="UTF-8"?>
<!-- Generated by org.testng.reporters.JUnitReportReporter -->
<testsuite hostname="shbudipa" name="com.pld.restassured.dashboard.FTEByContractAPITest" tests="2" failures="0" timestamp="12 Jun 2019 11:29:40 GMT" time="117.412" errors="0">
  <testcase name="verifyLabourAsOfTest" time="62.592" classname="com.pld.restassured.dashboard.FTEByContractAPITest"/>
  <testcase name="verifyDistributionChartTest" time="54.820" classname="com.pld.restassured.dashboard.FTEByContractAPITest"/>
</testsuite> <!-- com.pld.restassured.dashboard.FTEByContractAPITest -->
