<?xml version="1.0" encoding="UTF-8"?>
<!-- Generated by org.testng.reporters.JUnitReportReporter -->
<testsuite hostname="shbudipa" name="com.pld.Test.BenchTileExpansionTest" tests="32" failures="0" timestamp="12 Jun 2019 11:29:40 GMT" time="11.099" errors="0">
  <testcase name="verifyBandTextTest" time="0.218" classname="com.pld.Test.BenchTileExpansionTest"/>
  <testcase name="verifyElevenToThirtyDaysTest" time="0.078" classname="com.pld.Test.BenchTileExpansionTest"/>
  <testcase name="verifyLocationTest" time="0.078" classname="com.pld.Test.BenchTileExpansionTest"/>
  <testcase name="verifyIndustryTest" time="0.078" classname="com.pld.Test.BenchTileExpansionTest"/>
  <testcase name="verifyAAIDTest" time="7.411" classname="com.pld.Test.BenchTileExpansionTest"/>
  <testcase name="verifyHoursFCTest" time="0.081" classname="com.pld.Test.BenchTileExpansionTest"/>
  <testcase name="verifyPriorAssignmentTest" time="0.062" classname="com.pld.Test.BenchTileExpansionTest"/>
  <testcase name="verifyAwayTest" time="0.110" classname="com.pld.Test.BenchTileExpansionTest"/>
  <testcase name="verifyAvailDateTest" time="0.078" classname="com.pld.Test.BenchTileExpansionTest"/>
  <testcase name="verifyBenchByAgeDoughnutChartTest" time="0.047" classname="com.pld.Test.BenchTileExpansionTest"/>
  <testcase name="verifyBenchByAgeTest" time="0.104" classname="com.pld.Test.BenchTileExpansionTest"/>
  <testcase name="backtoDashBoard" time="0.652" classname="com.pld.Test.BenchTileExpansionTest"/>
  <testcase name="verifyBenchRollOffChartTest" time="0.063" classname="com.pld.Test.BenchTileExpansionTest"/>
  <testcase name="verifyBenchAgeTest" time="0.078" classname="com.pld.Test.BenchTileExpansionTest"/>
  <testcase name="verifyBenchAndRolloffsByWeekTest" time="0.118" classname="com.pld.Test.BenchTileExpansionTest"/>
  <testcase name="verifylegend6WeekRollOffsTest" time="0.086" classname="com.pld.Test.BenchTileExpansionTest"/>
  <testcase name="verifyViewTest" time="0.062" classname="com.pld.Test.BenchTileExpansionTest"/>
  <testcase name="verifyMCTest" time="0.078" classname="com.pld.Test.BenchTileExpansionTest"/>
  <testcase name="verifyBenchByDateAndRollOffEmployeesTest" time="0.234" classname="com.pld.Test.BenchTileExpansionTest"/>
  <testcase name="clickOnBenchTile" time="0.496" classname="com.pld.Test.BenchTileExpansionTest"/>
  <testcase name="verifyAgedbenchHCTest" time="0.062" classname="com.pld.Test.BenchTileExpansionTest"/>
  <testcase name="verifyThirtyOneToSixthDaysTest" time="0.063" classname="com.pld.Test.BenchTileExpansionTest"/>
  <testcase name="verifyZeroToTenDaysTest" time="0.050" classname="com.pld.Test.BenchTileExpansionTest"/>
  <testcase name="verifyNameTextTest" time="0.078" classname="com.pld.Test.BenchTileExpansionTest"/>
  <testcase name="verifyQTDCUTest" time="0.063" classname="com.pld.Test.BenchTileExpansionTest"/>
  <testcase name="verifyCriticalSkillsWithExcessTest" time="0.111" classname="com.pld.Test.BenchTileExpansionTest"/>
  <testcase name="verifyInPlayTextTest" time="0.078" classname="com.pld.Test.BenchTileExpansionTest"/>
  <testcase name="verifyTotalHCTest" time="0.078" classname="com.pld.Test.BenchTileExpansionTest"/>
  <testcase name="verifyJRSSTest" time="0.079" classname="com.pld.Test.BenchTileExpansionTest"/>
  <testcase name="verifyQTDPUTest" time="0.085" classname="com.pld.Test.BenchTileExpansionTest"/>
  <testcase name="verifySixtyPlusDaysTest" time="0.062" classname="com.pld.Test.BenchTileExpansionTest"/>
  <testcase name="verifylegendBenchTest" time="0.078" classname="com.pld.Test.BenchTileExpansionTest"/>
</testsuite> <!-- com.pld.Test.BenchTileExpansionTest -->
