<?xml version="1.0" encoding="UTF-8"?>
<!-- Generated by org.testng.reporters.JUnitReportReporter -->
<testsuite hostname="shbudipa" name="com.pld.restassured.BenchByAgeAPI" tests="1" failures="0" timestamp="13 Mar 2019 10:12:02 GMT" time="2.345" errors="0">
  <testcase name="verifyBenchByAgedata" time="2.345" classname="com.pld.restassured.BenchByAgeAPI"/>
</testsuite> <!-- com.pld.restassured.BenchByAgeAPI -->
