<?xml version="1.0" encoding="UTF-8"?>
<!-- Generated by org.testng.reporters.JUnitReportReporter -->
<testsuite hostname="shbudipa" name="com.pld.Test.AttritionTileTest" tests="11" failures="0" timestamp="12 Jun 2019 11:29:40 GMT" time="8.370" errors="0">
  <testcase name="verifyOpptyTest" time="0.094" classname="com.pld.Test.AttritionTileTest"/>
  <testcase name="verifyOtherTest" time="0.094" classname="com.pld.Test.AttritionTileTest"/>
  <testcase name="verifyAttritbyBandTest" time="0.078" classname="com.pld.Test.AttritionTileTest"/>
  <testcase name="verifyCompTest" time="0.097" classname="com.pld.Test.AttritionTileTest"/>
  <testcase name="verifyAnnualizedRateTest" time="7.448" classname="com.pld.Test.AttritionTileTest"/>
  <testcase name="verifyAttritionBarGrapghTest" time="0.078" classname="com.pld.Test.AttritionTileTest"/>
  <testcase name="verifyAttritionTest" time="0.094" classname="com.pld.Test.AttritionTileTest"/>
  <testcase name="verifyLossReasonTest" time="0.078" classname="com.pld.Test.AttritionTileTest"/>
  <testcase name="verifyAttr_ByBandChartTest" time="0.110" classname="com.pld.Test.AttritionTileTest"/>
  <testcase name="verifyWorkOrLifeTest" time="0.078" classname="com.pld.Test.AttritionTileTest"/>
  <testcase name="verifyVoluntaryLossesTest" time="0.121" classname="com.pld.Test.AttritionTileTest"/>
</testsuite> <!-- com.pld.Test.AttritionTileTest -->
