<?xml version="1.0" encoding="UTF-8"?>
<!-- Generated by org.testng.reporters.JUnitReportReporter -->
<testsuite hostname="shbudipa" name="com.pld.Test.BandPyramidTest" tests="9" failures="0" timestamp="12 Jun 2019 11:29:40 GMT" time="4.980" errors="0">
  <testcase name="verifyAvgbandTest" time="0.256" classname="com.pld.Test.BandPyramidTest"/>
  <testcase name="verifyBandPyramidTileTest" time="0.194" classname="com.pld.Test.BandPyramidTest"/>
  <testcase name="verifyActualHeadCountTest" time="3.580" classname="com.pld.Test.BandPyramidTest"/>
  <testcase name="verifyTotalHCTest" time="0.114" classname="com.pld.Test.BandPyramidTest"/>
  <testcase name="verifyHCTest" time="0.168" classname="com.pld.Test.BandPyramidTest"/>
  <testcase name="verifyDistribTest" time="0.129" classname="com.pld.Test.BandPyramidTest"/>
  <testcase name="verifyBandTest" time="0.164" classname="com.pld.Test.BandPyramidTest"/>
  <testcase name="verifyExcludeContractorsTest" time="0.097" classname="com.pld.Test.BandPyramidTest"/>
  <testcase name="verifyBandPyramidChartTest" time="0.278" classname="com.pld.Test.BandPyramidTest"/>
</testsuite> <!-- com.pld.Test.BandPyramidTest -->
