<?xml version="1.0" encoding="UTF-8"?>
<!-- Generated by org.testng.reporters.JUnitReportReporter -->
<testsuite hostname="shbudipa" name="com.pld.restassured.dashboard.CareerAPITest" tests="2" failures="0" timestamp="12 Jun 2019 11:29:40 GMT" time="81.406" errors="0">
  <testcase name="verifyCareerAsOf" time="29.937" classname="com.pld.restassured.dashboard.CareerAPITest"/>
  <testcase name="verifyCareerTable" time="51.469" classname="com.pld.restassured.dashboard.CareerAPITest"/>
</testsuite> <!-- com.pld.restassured.dashboard.CareerAPITest -->
