<?xml version="1.0" encoding="UTF-8"?>
<!-- Generated by org.testng.reporters.JUnitReportReporter -->
<testsuite hostname="shbudipa" name="com.pld.restassured.BandPyramidAPI" tests="1" failures="0" timestamp="23 May 2019 10:54:12 GMT" time="2.207" errors="0">
  <testcase name="verifyHeadCountTable" time="2.207" classname="com.pld.restassured.BandPyramidAPI"/>
</testsuite> <!-- com.pld.restassured.BandPyramidAPI -->
