<?xml version="1.0" encoding="UTF-8"?>
<!-- Generated by org.testng.reporters.JUnitReportReporter -->
<testsuite hostname="shbudipa" name="com.pld.restassured.DemandOpenPositionAPI" tests="1" failures="0" timestamp="13 Mar 2019 05:37:37 GMT" time="2.190" errors="0">
  <testcase name="verifyDemandOpenPositiondata" time="2.190" classname="com.pld.restassured.DemandOpenPositionAPI"/>
</testsuite> <!-- com.pld.restassured.DemandOpenPositionAPI -->
