<?xml version="1.0" encoding="UTF-8"?>
<!-- Generated by org.testng.reporters.JUnitReportReporter -->
<testsuite hostname="shbudipa" name="com.pld.restassured.CareerAPI" tests="3" failures="0" timestamp="15 May 2019 10:01:44 GMT" time="77.753" errors="0">
  <testcase name="verifyAddsAndLossesChart" time="1.403" classname="com.pld.restassured.CareerAPI"/>
  <testcase name="verifyAverageTimeinBand" time="1.223" classname="com.pld.restassured.CareerAPI"/>
  <testcase name="verifyMonthlyTrendChart" time="75.127" classname="com.pld.restassured.CareerAPI"/>
</testsuite> <!-- com.pld.restassured.CareerAPI -->
