<?xml version="1.0" encoding="UTF-8"?>
<!-- Generated by org.testng.reporters.JUnitReportReporter -->
<testsuite hostname="shbudipa" name="com.pld.restassured.dashboard.UtilizationAPI" tests="2" failures="0" timestamp="21 May 2019 05:22:06 GMT" time="8.174" errors="0">
  <testcase name="verifyUtilizationAsOf" time="3.201" classname="com.pld.restassured.dashboard.UtilizationAPI"/>
  <testcase name="verifyUtilizationQTDGraph" time="4.973" classname="com.pld.restassured.dashboard.UtilizationAPI"/>
</testsuite> <!-- com.pld.restassured.dashboard.UtilizationAPI -->
