<?xml version="1.0" encoding="UTF-8"?>
<!-- Generated by org.testng.reporters.JUnitReportReporter -->
<testsuite hostname="shbudipa" name="com.pld.restassured.QtrEndProjValuesTest" tests="2" failures="0" timestamp="12 Jun 2019 11:29:40 GMT" time="138.602" errors="0">
  <testcase name="verifyWeeklyUtilizationbarChart" time="45.388" classname="com.pld.restassured.QtrEndProjValuesTest"/>
  <testcase name="getQtrEndProjValue" time="93.214" classname="com.pld.restassured.QtrEndProjValuesTest"/>
</testsuite> <!-- com.pld.restassured.QtrEndProjValuesTest -->
