<?xml version="1.0" encoding="UTF-8"?>
<!-- Generated by org.testng.reporters.JUnitReportReporter -->
<testsuite hostname="shbudipa" name="com.pld.restassured.FTEByContractCoadingAPITest" tests="2" failures="0" timestamp="12 Jun 2019 11:29:39 GMT" time="435.029" errors="0">
  <testcase name="verifyOfferingCodeBreakdownChartNoGrowthPlatform" time="392.587" classname="com.pld.restassured.FTEByContractCoadingAPITest"/>
  <testcase name="verifyLabourDistFTE" time="42.442" classname="com.pld.restassured.FTEByContractCoadingAPITest"/>
</testsuite> <!-- com.pld.restassured.FTEByContractCoadingAPITest -->
