<?xml version="1.0" encoding="UTF-8"?>
<!-- Generated by org.testng.reporters.JUnitReportReporter -->
<testsuite hostname="shbudipa" name="com.pld.Test.QtrEndProjValues" tests="1" failures="0" timestamp="19 Mar 2019 07:00:12 GMT" time="3.396" errors="0">
  <testcase name="verifyWeeklyUtilizationbarChart" time="3.396" classname="com.pld.Test.QtrEndProjValues"/>
</testsuite> <!-- com.pld.Test.QtrEndProjValues -->
