<?xml version="1.0" encoding="UTF-8"?>
<!-- Generated by org.testng.reporters.JUnitReportReporter -->
<testsuite hostname="shbudipa" name="com.pld.restassured.dashboard.UtilisationAPIOneTest" tests="2" failures="0" timestamp="12 Jun 2019 11:29:39 GMT" time="433.040" errors="0">
  <testcase name="verifyUtilizationQTDGraphTest" time="378.024" classname="com.pld.restassured.dashboard.UtilisationAPIOneTest"/>
  <testcase name="verifyUtilizationAsOfTest" time="55.016" classname="com.pld.restassured.dashboard.UtilisationAPIOneTest"/>
</testsuite> <!-- com.pld.restassured.dashboard.UtilisationAPIOneTest -->
