<?xml version="1.0" encoding="UTF-8"?>
<!-- Generated by org.testng.reporters.JUnitReportReporter -->
<testsuite hostname="shbudipa" name="com.pld.Test.HiringExpTest" tests="27" failures="0" timestamp="12 Jun 2019 11:29:40 GMT" time="6.016" errors="0">
  <testcase name="verifyAcceptperTest" time="0.094" classname="com.pld.Test.HiringExpTest"/>
  <testcase name="verifyCandidateYieldTest" time="0.550" classname="com.pld.Test.HiringExpTest"/>
  <testcase name="verifyAvgDaysToAcceptTest" time="0.094" classname="com.pld.Test.HiringExpTest"/>
  <testcase name="verifybandSevenTest" time="0.078" classname="com.pld.Test.HiringExpTest"/>
  <testcase name="verifyRecentJoinersTest" time="0.063" classname="com.pld.Test.HiringExpTest"/>
  <testcase name="verifyLocationTest" time="0.062" classname="com.pld.Test.HiringExpTest"/>
  <testcase name="verifyBandEightTest" time="0.094" classname="com.pld.Test.HiringExpTest"/>
  <testcase name="verifyStartDateTest" time="0.078" classname="com.pld.Test.HiringExpTest"/>
  <testcase name="verifyAvgDayToOnBoardTest" time="0.078" classname="com.pld.Test.HiringExpTest"/>
  <testcase name="verifyANOBTest" time="0.094" classname="com.pld.Test.HiringExpTest"/>
  <testcase name="verifyBandNineTest" time="0.062" classname="com.pld.Test.HiringExpTest"/>
  <testcase name="verifyHiringFunnelChartTest" time="0.062" classname="com.pld.Test.HiringExpTest"/>
  <testcase name="verifyHiringFunnelDateTest" time="0.056" classname="com.pld.Test.HiringExpTest"/>
  <testcase name="verifyNameTest" time="0.082" classname="com.pld.Test.HiringExpTest"/>
  <testcase name="verifyAsOFTest" time="0.372" classname="com.pld.Test.HiringExpTest"/>
  <testcase name="verifyTotalTest" time="1.029" classname="com.pld.Test.HiringExpTest"/>
  <testcase name="verifyAppliedTest" time="0.062" classname="com.pld.Test.HiringExpTest"/>
  <testcase name="clickOnDashBoardTest" time="0.451" classname="com.pld.Test.HiringExpTest"/>
  <testcase name="verifyInterviewedTest" time="0.078" classname="com.pld.Test.HiringExpTest"/>
  <testcase name="verifyBandTest" time="0.152" classname="com.pld.Test.HiringExpTest"/>
  <testcase name="clickOnHiringExp" time="0.564" classname="com.pld.Test.HiringExpTest"/>
  <testcase name="verifyMetricTest" time="0.097" classname="com.pld.Test.HiringExpTest"/>
  <testcase name="verifyOthersTest" time="0.078" classname="com.pld.Test.HiringExpTest"/>
  <testcase name="verifyKeyStatistics" time="0.074" classname="com.pld.Test.HiringExpTest"/>
  <testcase name="verifyEmailTest" time="1.372" classname="com.pld.Test.HiringExpTest"/>
  <testcase name="verifyHiresYTD_BandOneToFiveTest" time="0.062" classname="com.pld.Test.HiringExpTest"/>
  <testcase name="verifyOffersentTest" time="0.078" classname="com.pld.Test.HiringExpTest"/>
</testsuite> <!-- com.pld.Test.HiringExpTest -->
