<?xml version="1.0" encoding="UTF-8"?>
<!-- Generated by org.testng.reporters.JUnitReportReporter -->
<testsuite hostname="shbudipa" name="com.pld.restassured.LearningTrainingDetailsYTDTableAPI" tests="3" failures="0" timestamp="15 May 2019 10:01:44 GMT" time="71.871" errors="0">
  <testcase name="verifyStudentYTD" time="24.916" classname="com.pld.restassured.LearningTrainingDetailsYTDTableAPI"/>
  <testcase name="verifyPrescribedCoreCapabilitylearning" time="38.577" classname="com.pld.restassured.LearningTrainingDetailsYTDTableAPI"/>
  <testcase name="verifyTrainingDetailsYTDTable" time="8.378" classname="com.pld.restassured.LearningTrainingDetailsYTDTableAPI"/>
</testsuite> <!-- com.pld.restassured.LearningTrainingDetailsYTDTableAPI -->
