<?xml version="1.0" encoding="UTF-8"?>
<!-- Generated by org.testng.reporters.JUnitReportReporter -->
<testsuite hostname="shbudipa" name="com.pld.Test.LearningTileTest" tests="20" failures="0" timestamp="12 Jun 2019 11:29:40 GMT" time="5.602" errors="0">
  <testcase name="verifyDaysOrPersonbyDeliveryTypeTest" time="0.061" classname="com.pld.Test.LearningTileTest"/>
  <testcase name="verifySelfRptTest" time="0.050" classname="com.pld.Test.LearningTileTest"/>
  <testcase name="verifyVirtualTest" time="0.071" classname="com.pld.Test.LearningTileTest"/>
  <testcase name="verifyProRatedYTDTGTTTest" time="0.058" classname="com.pld.Test.LearningTileTest"/>
  <testcase name="verifyCrossPlatformTest" time="0.063" classname="com.pld.Test.LearningTileTest"/>
  <testcase name="verifyTrainingDaysTest" time="0.062" classname="com.pld.Test.LearningTileTest"/>
  <testcase name="verifyLearning_DayPerPersonChartTest" time="0.058" classname="com.pld.Test.LearningTileTest"/>
  <testcase name="verifyThinkFourtyTest" time="0.049" classname="com.pld.Test.LearningTileTest"/>
  <testcase name="verifyBelowTrackTest" time="4.349" classname="com.pld.Test.LearningTileTest"/>
  <testcase name="verifyLearningTest" time="0.058" classname="com.pld.Test.LearningTileTest"/>
  <testcase name="verifyTotalTest" time="0.063" classname="com.pld.Test.LearningTileTest"/>
  <testcase name="verifyLearningBarGraph1Test" time="0.070" classname="com.pld.Test.LearningTileTest"/>
  <testcase name="verifyOnTrackTest" time="0.055" classname="com.pld.Test.LearningTileTest"/>
  <testcase name="verifyProfessionalDevTest" time="0.055" classname="com.pld.Test.LearningTileTest"/>
  <testcase name="verifyLearning_Think40GraphTest" time="0.059" classname="com.pld.Test.LearningTileTest"/>
  <testcase name="verifyYTDAsOfTest" time="0.094" classname="com.pld.Test.LearningTileTest"/>
  <testcase name="verifyeLearnTest" time="0.144" classname="com.pld.Test.LearningTileTest"/>
  <testcase name="verifyIndustrySkillsTest" time="0.070" classname="com.pld.Test.LearningTileTest"/>
  <testcase name="verifyF2FTest" time="0.062" classname="com.pld.Test.LearningTileTest"/>
  <testcase name="verifyPracticeSkillsTest" time="0.051" classname="com.pld.Test.LearningTileTest"/>
</testsuite> <!-- com.pld.Test.LearningTileTest -->
