<?xml version="1.0" encoding="UTF-8"?>
<!-- Generated by org.testng.reporters.JUnitReportReporter -->
<testsuite hostname="shbudipa" name="com.pld.restassured.UtilizationByCategory" tests="1" failures="0" timestamp="12 Mar 2019 11:10:37 GMT" time="2.373" errors="0">
  <testcase name="verifyTotalheadCount" time="2.373" classname="com.pld.restassured.UtilizationByCategory"/>
</testsuite> <!-- com.pld.restassured.UtilizationByCategory -->
