<?xml version="1.0" encoding="UTF-8"?>
<!-- Generated by org.testng.reporters.JUnitReportReporter -->
<testsuite hostname="shbudipa" name="com.pld.restassured.GapMonthsColumnHeader" tests="1" failures="0" timestamp="13 Mar 2019 07:08:02 GMT" time="2.257" errors="0">
  <testcase name="verifyMonthsColumnheader" time="2.257" classname="com.pld.restassured.GapMonthsColumnHeader"/>
</testsuite> <!-- com.pld.restassured.GapMonthsColumnHeader -->
