<?xml version="1.0" encoding="UTF-8"?>
<!-- Generated by org.testng.reporters.JUnitReportReporter -->
<testsuite hostname="shbudipa" name="com.pld.restassured.Sample2May" tests="1" failures="0" timestamp="3 May 2019 05:09:32 GMT" time="3.634" errors="0">
  <testcase name="verifyDemandClientAndSkill" time="3.634" classname="com.pld.restassured.Sample2May"/>
</testsuite> <!-- com.pld.restassured.Sample2May -->
