<?xml version="1.0" encoding="UTF-8"?>
<!-- Generated by org.testng.reporters.JUnitReportReporter -->
<testsuite hostname="shbudipa" name="com.pld.restassured.LearningTrainingDetailsYTDTableAPITest" tests="3" failures="0" timestamp="12 Jun 2019 11:29:40 GMT" time="673.606" errors="0">
  <testcase name="verifyPrescribedCoreCapabilitylearning" time="311.293" classname="com.pld.restassured.LearningTrainingDetailsYTDTableAPITest"/>
  <testcase name="verifyStudentYTD" time="96.666" classname="com.pld.restassured.LearningTrainingDetailsYTDTableAPITest"/>
  <testcase name="verifyTrainingDetailsYTDTable" time="265.647" classname="com.pld.restassured.LearningTrainingDetailsYTDTableAPITest"/>
</testsuite> <!-- com.pld.restassured.LearningTrainingDetailsYTDTableAPITest -->
