<?xml version="1.0" encoding="UTF-8"?>
<!-- Generated by org.testng.reporters.JUnitReportReporter -->
<testsuite hostname="shbudipa" name="com.pld.Test.FTEByContractCodingExpTest" tests="45" failures="0" timestamp="12 Jun 2019 11:29:40 GMT" time="23.502" errors="0">
  <testcase name="verifyCognitiveProcessTransformationTest" time="0.078" classname="com.pld.Test.FTEByContractCodingExpTest"/>
  <testcase name="verifyNGEATest" time="0.094" classname="com.pld.Test.FTEByContractCodingExpTest"/>
  <testcase name="verifyCloudApplicationInnovationTest" time="0.079" classname="com.pld.Test.FTEByContractCodingExpTest"/>
  <testcase name="verifyContractOfferingTest" time="0.094" classname="com.pld.Test.FTEByContractCodingExpTest"/>
  <testcase name="verifyAvailableDateTest" time="0.078" classname="com.pld.Test.FTEByContractCodingExpTest"/>
  <testcase name="verifyOtherLinkTest" time="0.078" classname="com.pld.Test.FTEByContractCodingExpTest"/>
  <testcase name="verifyProductiveTest" time="5.849" classname="com.pld.Test.FTEByContractCodingExpTest"/>
  <testcase name="verifyCPRTest" time="0.071" classname="com.pld.Test.FTEByContractCodingExpTest"/>
  <testcase name="verifyCPSTest" time="0.078" classname="com.pld.Test.FTEByContractCodingExpTest"/>
  <testcase name="verifyAccountClassificationTest" time="0.125" classname="com.pld.Test.FTEByContractCodingExpTest"/>
  <testcase name="verifyOfferingCodeBreakdownTest" time="0.141" classname="com.pld.Test.FTEByContractCodingExpTest"/>
  <testcase name="verifyDSTest" time="0.203" classname="com.pld.Test.FTEByContractCodingExpTest"/>
  <testcase name="verifyFTEBYContractCodingDoughnutChartTest" time="0.062" classname="com.pld.Test.FTEByContractCodingExpTest"/>
  <testcase name="verifyAMICustomeAdmTest" time="0.078" classname="com.pld.Test.FTEByContractCodingExpTest"/>
  <testcase name="verifyJRSSTest" time="0.110" classname="com.pld.Test.FTEByContractCodingExpTest"/>
  <testcase name="verifyCAITest" time="0.078" classname="com.pld.Test.FTEByContractCodingExpTest"/>
  <testcase name="verifyOfferingCodeBreakDownChartTest" time="0.063" classname="com.pld.Test.FTEByContractCodingExpTest"/>
  <testcase name="verifyChargeableTest" time="0.079" classname="com.pld.Test.FTEByContractCodingExpTest"/>
  <testcase name="verifyExcludeOthersTest" time="12.416" classname="com.pld.Test.FTEByContractCodingExpTest"/>
  <testcase name="verifyCAMSTest" time="0.062" classname="com.pld.Test.FTEByContractCodingExpTest"/>
  <testcase name="verifyADMITest" time="0.078" classname="com.pld.Test.FTEByContractCodingExpTest"/>
  <testcase name="verifyCPTTest" time="0.172" classname="com.pld.Test.FTEByContractCodingExpTest"/>
  <testcase name="verifyDigitalStratrgyandiXTest" time="0.203" classname="com.pld.Test.FTEByContractCodingExpTest"/>
  <testcase name="verifyLocationTest" time="0.109" classname="com.pld.Test.FTEByContractCodingExpTest"/>
  <testcase name="verifyCBDSTest" time="0.078" classname="com.pld.Test.FTEByContractCodingExpTest"/>
  <testcase name="verifybillableTest" time="0.079" classname="com.pld.Test.FTEByContractCodingExpTest"/>
  <testcase name="verifyCAMCloudApplicationTest" time="0.078" classname="com.pld.Test.FTEByContractCodingExpTest"/>
  <testcase name="verifyOtherTest" time="0.093" classname="com.pld.Test.FTEByContractCodingExpTest"/>
  <testcase name="verifyClientnameTest" time="0.062" classname="com.pld.Test.FTEByContractCodingExpTest"/>
  <testcase name="verifyActualHoursTest" time="0.078" classname="com.pld.Test.FTEByContractCodingExpTest"/>
  <testcase name="verifyViewByTest" time="0.078" classname="com.pld.Test.FTEByContractCodingExpTest"/>
  <testcase name="verifyBandTest" time="0.078" classname="com.pld.Test.FTEByContractCodingExpTest"/>
  <testcase name="clickOnDashBoardTest" time="0.709" classname="com.pld.Test.FTEByContractCodingExpTest"/>
  <testcase name="verifyContributionEmployeesTest" time="0.078" classname="com.pld.Test.FTEByContractCodingExpTest"/>
  <testcase name="verifyDSandiXTest" time="0.156" classname="com.pld.Test.FTEByContractCodingExpTest"/>
  <testcase name="verifyLevel30CodeTest" time="0.110" classname="com.pld.Test.FTEByContractCodingExpTest"/>
  <testcase name="verifyNameTest" time="0.078" classname="com.pld.Test.FTEByContractCodingExpTest"/>
  <testcase name="verifyMessageDisplayTest" time="0.099" classname="com.pld.Test.FTEByContractCodingExpTest"/>
  <testcase name="clickOnFTEContractCodingTileTest" time="0.496" classname="com.pld.Test.FTEByContractCodingExpTest"/>
  <testcase name="verifyviewTest" time="0.065" classname="com.pld.Test.FTEByContractCodingExpTest"/>
  <testcase name="verifylastClaimDateTest" time="0.093" classname="com.pld.Test.FTEByContractCodingExpTest"/>
  <testcase name="verifyOther2Test" time="0.125" classname="com.pld.Test.FTEByContractCodingExpTest"/>
  <testcase name="verifyIXTest" time="0.125" classname="com.pld.Test.FTEByContractCodingExpTest"/>
  <testcase name="verifyEAMSAPTest" time="0.156" classname="com.pld.Test.FTEByContractCodingExpTest"/>
  <testcase name="verifyCPSFinanceprocessTest" time="0.110" classname="com.pld.Test.FTEByContractCodingExpTest"/>
</testsuite> <!-- com.pld.Test.FTEByContractCodingExpTest -->
