<?xml version="1.0" encoding="UTF-8"?>
<!-- Generated by org.testng.reporters.JUnitReportReporter -->
<testsuite hostname="shbudipa" name="com.pld.restassured.BenchHCbyWeek" tests="1" failures="0" timestamp="13 Mar 2019 17:12:20 GMT" time="4.597" errors="0">
  <testcase name="verifyBenchHCbyWeekdata" time="4.597" classname="com.pld.restassured.BenchHCbyWeek"/>
</testsuite> <!-- com.pld.restassured.BenchHCbyWeek -->
