<?xml version="1.0" encoding="UTF-8"?>
<!-- Generated by org.testng.reporters.JUnitReportReporter -->
<testsuite hostname="shbudipa" name="com.pld.restassured.dashboard.BenchAsOfAPITest" tests="3" failures="0" timestamp="12 Jun 2019 11:29:40 GMT" time="130.664" errors="0">
  <testcase name="verifyBenchMixChartTest" time="41.536" classname="com.pld.restassured.dashboard.BenchAsOfAPITest"/>
  <testcase name="verifyBenchTableTest" time="50.631" classname="com.pld.restassured.dashboard.BenchAsOfAPITest"/>
  <testcase name="verifyBenchAsOFTest" time="38.497" classname="com.pld.restassured.dashboard.BenchAsOfAPITest"/>
</testsuite> <!-- com.pld.restassured.dashboard.BenchAsOfAPITest -->
