<?xml version="1.0" encoding="UTF-8"?>
<!-- Generated by org.testng.reporters.JUnitReportReporter -->
<testsuite hostname="shbudipa" name="com.pld.Test.UtilizationLadderTest" tests="5" failures="0" timestamp="12 Jun 2019 11:29:40 GMT" time="1.467" errors="0">
  <testcase name="verifyUtilLadChartTest" time="0.158" classname="com.pld.Test.UtilizationLadderTest"/>
  <testcase name="verifyChargeableHCTest" time="0.096" classname="com.pld.Test.UtilizationLadderTest"/>
  <testcase name="verifyQTDAsOfTest" time="0.108" classname="com.pld.Test.UtilizationLadderTest"/>
  <testcase name="verifyAbove100Percent" time="0.796" classname="com.pld.Test.UtilizationLadderTest"/>
  <testcase name="verifyUtilLadTest" time="0.309" classname="com.pld.Test.UtilizationLadderTest"/>
</testsuite> <!-- com.pld.Test.UtilizationLadderTest -->
