<?xml version="1.0" encoding="UTF-8"?>
<!-- Generated by org.testng.reporters.JUnitReportReporter -->
<testsuite hostname="shbudipa" name="com.pld.restassured.GapTopShortageTableAPI" tests="1" failures="0" timestamp="13 Mar 2019 06:32:19 GMT" time="2.714" errors="0">
  <testcase name="verifyTopShortageTable" time="2.714" classname="com.pld.restassured.GapTopShortageTableAPI"/>
</testsuite> <!-- com.pld.restassured.GapTopShortageTableAPI -->
