<?xml version="1.0" encoding="UTF-8"?>
<!-- Generated by org.testng.reporters.JUnitReportReporter -->
<testsuite hostname="shbudipa" name="com.pld.restassured.GapMonthsColumnHeader2" tests="1" failures="0" timestamp="13 Mar 2019 07:22:57 GMT" time="2.232" errors="0">
  <testcase name="verifyMonthsColumnheader" time="2.232" classname="com.pld.restassured.GapMonthsColumnHeader2"/>
</testsuite> <!-- com.pld.restassured.GapMonthsColumnHeader2 -->
