<?xml version="1.0" encoding="UTF-8"?>
<!-- Generated by org.testng.reporters.JUnitReportReporter -->
<testsuite hostname="shbudipa" name="com.pld.restassured.CareerAPITest" tests="3" failures="0" timestamp="12 Jun 2019 11:29:40 GMT" time="325.676" errors="0">
  <testcase name="verifyAddsAndLossesChart" time="51.047" classname="com.pld.restassured.CareerAPITest"/>
  <testcase name="verifyMonthlyTrendChartTest" time="230.924" classname="com.pld.restassured.CareerAPITest"/>
  <testcase name="verifyAverageTimeinBand" time="43.705" classname="com.pld.restassured.CareerAPITest"/>
</testsuite> <!-- com.pld.restassured.CareerAPITest -->
