<?xml version="1.0" encoding="UTF-8"?>
<!-- Generated by org.testng.reporters.JUnitReportReporter -->
<testsuite hostname="shbudipa" name="com.pld.Test.LoginPageTest" tests="1" failures="0" timestamp="28 Feb 2019 05:50:59 GMT" time="7.023" errors="0">
  <testcase name="loginTest" time="7.023" classname="com.pld.Test.LoginPageTest"/>
</testsuite> <!-- com.pld.Test.LoginPageTest -->
