<?xml version="1.0" encoding="UTF-8"?>
<!-- Generated by org.testng.reporters.JUnitReportReporter -->
<testsuite hostname="shbudipa" name="com.pld.restassured.FiltersAPI" tests="9" failures="0" timestamp="10 Apr 2019 07:19:20 GMT" time="9.211" errors="0">
  <testcase name="verifyGrowthplatform_BUS_Area" time="0.949" classname="com.pld.restassured.FiltersAPI"/>
  <testcase name="verifyLaborPoolfilterdata" time="0.967" classname="com.pld.restassured.FiltersAPI"/>
  <testcase name="verifySectorFilter" time="0.976" classname="com.pld.restassured.FiltersAPI"/>
  <testcase name="verifyGeography_Region" time="0.985" classname="com.pld.restassured.FiltersAPI"/>
  <testcase name="verifyGrowthPlatform_SVC_Area_grp_name" time="0.997" classname="com.pld.restassured.FiltersAPI"/>
  <testcase name="verifyGeography_Country" time="0.997" classname="com.pld.restassured.FiltersAPI"/>
  <testcase name="verifyGeography_Filter" time="0.994" classname="com.pld.restassured.FiltersAPI"/>
  <testcase name="verifyGeographyFilter" time="1.372" classname="com.pld.restassured.FiltersAPI"/>
  <testcase name="verifyGrowthPlatform_SVC_NM" time="0.974" classname="com.pld.restassured.FiltersAPI"/>
</testsuite> <!-- com.pld.restassured.FiltersAPI -->
