<?xml version="1.0" encoding="UTF-8"?>
<!-- Generated by org.testng.reporters.JUnitReportReporter -->
<testsuite hostname="shbudipa" name="com.pld.restassured.FTEByContractCoadingAPI" tests="5" failures="0" timestamp="15 May 2019 10:01:44 GMT" time="84.396" errors="0">
  <testcase name="verifyOfferingCodeBreakdownChartNoGrowthPlatform" time="79.735" classname="com.pld.restassured.FTEByContractCoadingAPI"/>
  <testcase name="verifyLabourDistFTE" time="1.343" classname="com.pld.restassured.FTEByContractCoadingAPI"/>
  <testcase name="verifyViewByMenu" time="0.539" classname="com.pld.restassured.FTEByContractCoadingAPI"/>
  <testcase name="verifyContributionEmployeetableWithoutGrowthPlatform" time="2.196" classname="com.pld.restassured.FTEByContractCoadingAPI"/>
  <testcase name="verifyOfferingCodeBreakdownViewBy" time="0.583" classname="com.pld.restassured.FTEByContractCoadingAPI"/>
</testsuite> <!-- com.pld.restassured.FTEByContractCoadingAPI -->
