<?xml version="1.0" encoding="UTF-8"?>
<!-- Generated by org.testng.reporters.JUnitReportReporter -->
<testsuite hostname="shbudipa" name="com.pld.restassured.DemandOpenPositiontable" tests="1" failures="0" timestamp="13 Mar 2019 05:34:42 GMT" time="3.000" errors="0">
  <testcase name="verifyOpenPositiontable" time="3.000" classname="com.pld.restassured.DemandOpenPositiontable"/>
</testsuite> <!-- com.pld.restassured.DemandOpenPositiontable -->
