<?xml version="1.0" encoding="UTF-8"?>
<!-- Generated by org.testng.reporters.JUnitReportReporter -->
<testsuite hostname="shbudipa" name="com.pld.Test.DemandTest" tests="8" failures="0" timestamp="12 Jun 2019 11:29:40 GMT" time="2.919" errors="0">
  <testcase name="verifyUnassignedTest" time="0.188" classname="com.pld.Test.DemandTest"/>
  <testcase name="verifyOpptyTest" time="0.165" classname="com.pld.Test.DemandTest"/>
  <testcase name="verifyDemandChartTest" time="0.269" classname="com.pld.Test.DemandTest"/>
  <testcase name="verifyBacklogTest" time="1.658" classname="com.pld.Test.DemandTest"/>
  <testcase name="verifyDemandbarChartTest" time="0.096" classname="com.pld.Test.DemandTest"/>
  <testcase name="verifyCommitTest" time="0.327" classname="com.pld.Test.DemandTest"/>
  <testcase name="verifyOpenPositionsTest" time="0.110" classname="com.pld.Test.DemandTest"/>
  <testcase name="verifyDemandTileTest" time="0.106" classname="com.pld.Test.DemandTest"/>
</testsuite> <!-- com.pld.Test.DemandTest -->
