<?xml version="1.0" encoding="UTF-8"?>
<!-- Generated by org.testng.reporters.JUnitReportReporter -->
<testsuite hostname="shbudipa" name="com.pld.restassured.dashboard.UtilisationAPIOne" tests="2" failures="0" timestamp="24 May 2019 11:29:28 GMT" time="477.499" errors="0">
  <testcase name="verifyUtilizationAsOfTest" time="58.151" classname="com.pld.restassured.dashboard.UtilisationAPIOne"/>
  <testcase name="verifyUtilizationQTDGraphTest" time="419.348" classname="com.pld.restassured.dashboard.UtilisationAPIOne"/>
</testsuite> <!-- com.pld.restassured.dashboard.UtilisationAPIOne -->
