<?xml version="1.0" encoding="UTF-8"?>
<!-- Generated by org.testng.reporters.JUnitReportReporter -->
<testsuite hostname="shbudipa" name="com.pld.Test.DemandCoverageTest" tests="8" failures="0" timestamp="12 Jun 2019 11:29:40 GMT" time="3.267" errors="0">
  <testcase name="verifyTCVCoverageTest" time="0.079" classname="com.pld.Test.DemandCoverageTest"/>
  <testcase name="verifyWithInThresholdTest" time="0.078" classname="com.pld.Test.DemandCoverageTest"/>
  <testcase name="verifyWithNpPlansTest" time="0.078" classname="com.pld.Test.DemandCoverageTest"/>
  <testcase name="verifyWithPlansTest" time="0.134" classname="com.pld.Test.DemandCoverageTest"/>
  <testcase name="verifyDemandCoverageTileTest" time="0.652" classname="com.pld.Test.DemandCoverageTest"/>
  <testcase name="verifyTotalDealsTest" time="0.089" classname="com.pld.Test.DemandCoverageTest"/>
  <testcase name="verifyNpPlansReqTest" time="0.084" classname="com.pld.Test.DemandCoverageTest"/>
  <testcase name="verifyDemandCoverageChartTest" time="2.073" classname="com.pld.Test.DemandCoverageTest"/>
</testsuite> <!-- com.pld.Test.DemandCoverageTest -->
