<?xml version="1.0" encoding="UTF-8"?>
<!-- Generated by org.testng.reporters.JUnitReportReporter -->
<testsuite hostname="shbudipa" name="com.pld.restassured.dashboard.DemandCoverageAsOfTest" tests="2" failures="0" timestamp="12 Jun 2019 11:29:39 GMT" time="123.644" errors="0">
  <testcase name="verifyDemandCoverageChartTest" time="63.683" classname="com.pld.restassured.dashboard.DemandCoverageAsOfTest"/>
  <testcase name="verifyDemandCoverageAsOfTest" time="59.961" classname="com.pld.restassured.dashboard.DemandCoverageAsOfTest"/>
</testsuite> <!-- com.pld.restassured.dashboard.DemandCoverageAsOfTest -->
