<?xml version="1.0" encoding="UTF-8"?>
<!-- Generated by org.testng.reporters.JUnitReportReporter -->
<testsuite hostname="shbudipa" name="com.pld.restassured.UtilLadDistByBand" tests="5" failures="0" timestamp="15 May 2019 10:01:44 GMT" time="4.389" errors="0">
  <testcase name="verifyUtilizationEmployees" time="0.830" classname="com.pld.restassured.UtilLadDistByBand"/>
  <testcase name="verifyTotalheadcount" time="0.860" classname="com.pld.restassured.UtilLadDistByBand"/>
  <testcase name="verifyTotalheadCount" time="0.838" classname="com.pld.restassured.UtilLadDistByBand"/>
  <testcase name="verifyUtiltableFilters" time="0.849" classname="com.pld.restassured.UtilLadDistByBand"/>
  <testcase name="verifyUtilladDistByBand" time="1.012" classname="com.pld.restassured.UtilLadDistByBand"/>
</testsuite> <!-- com.pld.restassured.UtilLadDistByBand -->
