<?xml version="1.0" encoding="UTF-8"?>
<!-- Generated by org.testng.reporters.JUnitReportReporter -->
<testsuite hostname="shbudipa" name="com.pld.restassured.Filters_LaborPool" tests="1" failures="0" timestamp="3 Apr 2019 09:25:45 GMT" time="1.516" errors="0">
  <testcase name="verifyLaborPoolfilterdata" time="1.516" classname="com.pld.restassured.Filters_LaborPool"/>
</testsuite> <!-- com.pld.restassured.Filters_LaborPool -->
