<?xml version="1.0" encoding="UTF-8"?>
<!-- Generated by org.testng.reporters.JUnitReportReporter -->
<testsuite hostname="shbudipa" name="com.pld.restassured.Example" tests="1" failures="0" timestamp="11 Apr 2019 05:14:13 GMT" time="1.620" errors="0">
  <testcase name="verifyLaborPoolfilterdata" time="1.620" classname="com.pld.restassured.Example"/>
</testsuite> <!-- com.pld.restassured.Example -->
