<?xml version="1.0" encoding="UTF-8"?>
<!-- Generated by org.testng.reporters.JUnitReportReporter -->
<testsuite hostname="shbudipa" name="com.pld.Test.UtilLadExpansionTest" tests="32" failures="0" timestamp="12 Jun 2019 11:29:40 GMT" time="12.985" errors="0">
  <testcase name="verifyProjectionOkTest" time="0.100" classname="com.pld.Test.UtilLadExpansionTest"/>
  <testcase name="verifyLocationTest" time="0.093" classname="com.pld.Test.UtilLadExpansionTest"/>
  <testcase name="verifyDeployedPartTimeTest" time="0.110" classname="com.pld.Test.UtilLadExpansionTest"/>
  <testcase name="verifyQTDCUTest" time="8.929" classname="com.pld.Test.UtilLadExpansionTest"/>
  <testcase name="verifyAAIDTest" time="0.094" classname="com.pld.Test.UtilLadExpansionTest"/>
  <testcase name="verifyAwaitingAccountIDTest" time="0.113" classname="com.pld.Test.UtilLadExpansionTest"/>
  <testcase name="verifyQTDTest" time="0.094" classname="com.pld.Test.UtilLadExpansionTest"/>
  <testcase name="verifyTotalHeadCountTest" time="0.062" classname="com.pld.Test.UtilLadExpansionTest"/>
  <testcase name="verifyHeadCounterUnderTest" time="0.062" classname="com.pld.Test.UtilLadExpansionTest"/>
  <testcase name="clickOnDashBoard" time="0.529" classname="com.pld.Test.UtilLadExpansionTest"/>
  <testcase name="verifyInPlayTest" time="0.078" classname="com.pld.Test.UtilLadExpansionTest"/>
  <testcase name="verifyAssignedAcctTest" time="0.078" classname="com.pld.Test.UtilLadExpansionTest"/>
  <testcase name="verifyHighBandTest" time="0.110" classname="com.pld.Test.UtilLadExpansionTest"/>
  <testcase name="verifyAwayTest" time="0.078" classname="com.pld.Test.UtilLadExpansionTest"/>
  <testcase name="clickOnUtilLadderTiletest" time="0.962" classname="com.pld.Test.UtilLadExpansionTest"/>
  <testcase name="verifyMessageDisplayTest" time="0.109" classname="com.pld.Test.UtilLadExpansionTest"/>
  <testcase name="verifyBandTextTest" time="0.082" classname="com.pld.Test.UtilLadExpansionTest"/>
  <testcase name="verifyBenchAgeTest" time="0.078" classname="com.pld.Test.UtilLadExpansionTest"/>
  <testcase name="verifyUtilizationDistributionByBandChartTest" time="0.084" classname="com.pld.Test.UtilLadExpansionTest"/>
  <testcase name="verifyUtilizationDistributionbyBandTest" time="0.092" classname="com.pld.Test.UtilLadExpansionTest"/>
  <testcase name="verifyAllDropDownTest" time="0.078" classname="com.pld.Test.UtilLadExpansionTest"/>
  <testcase name="verifyProductiveProjectTest" time="0.125" classname="com.pld.Test.UtilLadExpansionTest"/>
  <testcase name="verifyNameTest" time="0.094" classname="com.pld.Test.UtilLadExpansionTest"/>
  <testcase name="verifyUtilizationByCategoryDoughnutChartTest" time="0.064" classname="com.pld.Test.UtilLadExpansionTest"/>
  <testcase name="verifyUtilizationByCategoryTest" time="0.110" classname="com.pld.Test.UtilLadExpansionTest"/>
  <testcase name="verifyQTDPUTest" time="0.078" classname="com.pld.Test.UtilLadExpansionTest"/>
  <testcase name="verifyHoursHCTest" time="0.078" classname="com.pld.Test.UtilLadExpansionTest"/>
  <testcase name="verifyJRSSTest" time="0.078" classname="com.pld.Test.UtilLadExpansionTest"/>
  <testcase name="verifyAvailDateTest" time="0.078" classname="com.pld.Test.UtilLadExpansionTest"/>
  <testcase name="verifyMCTest" time="0.078" classname="com.pld.Test.UtilLadExpansionTest"/>
  <testcase name="verifyIndustryTest" time="0.078" classname="com.pld.Test.UtilLadExpansionTest"/>
  <testcase name="verifyUtilizationEmployeesTest" time="0.109" classname="com.pld.Test.UtilLadExpansionTest"/>
</testsuite> <!-- com.pld.Test.UtilLadExpansionTest -->
