<?xml version="1.0" encoding="UTF-8"?>
<!-- Generated by org.testng.reporters.JUnitReportReporter -->
<testsuite hostname="shbudipa" name="com.pld.restassured.dashboard.UtilizationladderAPI" tests="3" failures="0" timestamp="24 May 2019 11:29:28 GMT" time="4.443" errors="0">
  <testcase name="verifyTotalHC" time="2.385" classname="com.pld.restassured.dashboard.UtilizationladderAPI"/>
  <testcase name="verifyUtilizationLadder" time="0.694" classname="com.pld.restassured.dashboard.UtilizationladderAPI"/>
  <testcase name="verifyUtilladAsOF" time="1.364" classname="com.pld.restassured.dashboard.UtilizationladderAPI"/>
</testsuite> <!-- com.pld.restassured.dashboard.UtilizationladderAPI -->
