<?xml version="1.0" encoding="UTF-8"?>
<!-- Generated by org.testng.reporters.JUnitReportReporter -->
<testsuite hostname="shbudipa" name="com.pld.Test.UtilizationExpansionTest" tests="15" failures="0" timestamp="12 Jun 2019 11:29:40 GMT" time="10.429" errors="0">
  <testcase name="verifyLegendLableTargetTest" time="0.079" classname="com.pld.Test.UtilizationExpansionTest"/>
  <testcase name="verifyViewTest" time="0.094" classname="com.pld.Test.UtilizationExpansionTest"/>
  <testcase name="verifyChargeableDropDown" time="1.162" classname="com.pld.Test.UtilizationExpansionTest"/>
  <testcase name="verifyQtrEndProjDoughnutChartTest" time="0.093" classname="com.pld.Test.UtilizationExpansionTest"/>
  <testcase name="verifyTargetTest" time="0.093" classname="com.pld.Test.UtilizationExpansionTest"/>
  <testcase name="verifyChargeableProjectionsTest" time="0.063" classname="com.pld.Test.UtilizationExpansionTest"/>
  <testcase name="verifyWeekUtilizationActualsOrProjectionsTest" time="7.181" classname="com.pld.Test.UtilizationExpansionTest"/>
  <testcase name="verifyLegendLablePrevYearTest" time="0.062" classname="com.pld.Test.UtilizationExpansionTest"/>
  <testcase name="verifyQtrEndProjectionTest" time="0.503" classname="com.pld.Test.UtilizationExpansionTest"/>
  <testcase name="verifyTargetPtsTest" time="0.094" classname="com.pld.Test.UtilizationExpansionTest"/>
  <testcase name="clickonutilExp" time="0.442" classname="com.pld.Test.UtilizationExpansionTest"/>
  <testcase name="verifyClickOnUtilizationTile" time="0.313" classname="com.pld.Test.UtilizationExpansionTest"/>
  <testcase name="verifyYTYTest" time="0.094" classname="com.pld.Test.UtilizationExpansionTest"/>
  <testcase name="verifyWeeklyUtilizationChartTest" time="0.094" classname="com.pld.Test.UtilizationExpansionTest"/>
  <testcase name="verifyChargeableActuals" time="0.062" classname="com.pld.Test.UtilizationExpansionTest"/>
</testsuite> <!-- com.pld.Test.UtilizationExpansionTest -->
