<?xml version="1.0" encoding="UTF-8"?>
<!-- Generated by org.testng.reporters.JUnitReportReporter -->
<testsuite hostname="shbudipa" name="com.pld.restassured.dashboard.GapAPITest" tests="2" failures="0" timestamp="12 Jun 2019 11:29:40 GMT" time="76.408" errors="0">
  <testcase name="verifyGapAsOfTest" time="36.369" classname="com.pld.restassured.dashboard.GapAPITest"/>
  <testcase name="verifyGapChartTest" time="40.039" classname="com.pld.restassured.dashboard.GapAPITest"/>
</testsuite> <!-- com.pld.restassured.dashboard.GapAPITest -->
