<?xml version="1.0" encoding="UTF-8"?>
<!-- Generated by org.testng.reporters.JUnitReportReporter -->
<testsuite hostname="shbudipa" name="com.pld.Test.DemandTileExpTest" tests="32" failures="0" timestamp="12 Jun 2019 11:29:39 GMT" time="11.447" errors="0">
  <testcase name="verifyHistoricalDemandTrendTest" time="0.062" classname="com.pld.Test.DemandTileExpTest"/>
  <testcase name="verifyBacklogtTest" time="0.073" classname="com.pld.Test.DemandTileExpTest"/>
  <testcase name="verifyAlltextTest" time="0.079" classname="com.pld.Test.DemandTileExpTest"/>
  <testcase name="verifyLocationTest" time="0.125" classname="com.pld.Test.DemandTileExpTest"/>
  <testcase name="verifyCommittedTest" time="0.109" classname="com.pld.Test.DemandTileExpTest"/>
  <testcase name="verifyClientbasedDemandChartTest" time="0.078" classname="com.pld.Test.DemandTileExpTest"/>
  <testcase name="verifyOtherTest" time="0.074" classname="com.pld.Test.DemandTileExpTest"/>
  <testcase name="verifyClientTest" time="0.078" classname="com.pld.Test.DemandTileExpTest"/>
  <testcase name="verifyViewtextTest" time="0.078" classname="com.pld.Test.DemandTileExpTest"/>
  <testcase name="clickOnDashBoardTest" time="0.504" classname="com.pld.Test.DemandTileExpTest"/>
  <testcase name="verifyJobRoleOrSpecialityTest" time="0.078" classname="com.pld.Test.DemandTileExpTest"/>
  <testcase name="verifyClientNameTest" time="0.063" classname="com.pld.Test.DemandTileExpTest"/>
  <testcase name="verifyFactoredOpenPositionTest" time="0.079" classname="com.pld.Test.DemandTileExpTest"/>
  <testcase name="verifyOpportunityTest" time="0.094" classname="com.pld.Test.DemandTileExpTest"/>
  <testcase name="verifyOppIDTest" time="0.113" classname="com.pld.Test.DemandTileExpTest"/>
  <testcase name="verifyBandTest" time="0.063" classname="com.pld.Test.DemandTileExpTest"/>
  <testcase name="verifyApplicationDeveloperjavaAndWebTechnologiesTest" time="0.062" classname="com.pld.Test.DemandTileExpTest"/>
  <testcase name="verifySeatOwnerTest" time="7.424" classname="com.pld.Test.DemandTileExpTest"/>
  <testcase name="verifyClientAndSkillbasedDemandTest" time="0.065" classname="com.pld.Test.DemandTileExpTest"/>
  <testcase name="verifySkillBasedDemandChartTest" time="0.065" classname="com.pld.Test.DemandTileExpTest"/>
  <testcase name="verifyOpenPosiitonDetailTest" time="0.094" classname="com.pld.Test.DemandTileExpTest"/>
  <testcase name="verifyTypeTest" time="0.062" classname="com.pld.Test.DemandTileExpTest"/>
  <testcase name="verifyOpenPositionsTest" time="0.062" classname="com.pld.Test.DemandTileExpTest"/>
  <testcase name="verifyExpansionTitleTest" time="0.031" classname="com.pld.Test.DemandTileExpTest"/>
  <testcase name="verifyOpenPositionChartTest" time="0.062" classname="com.pld.Test.DemandTileExpTest"/>
  <testcase name="verifyEndDateTest" time="0.062" classname="com.pld.Test.DemandTileExpTest"/>
  <testcase name="verifyStartDateTest" time="0.078" classname="com.pld.Test.DemandTileExpTest"/>
  <testcase name="verifyTimeFrameTest" time="0.066" classname="com.pld.Test.DemandTileExpTest"/>
  <testcase name="clickOnDemandTileTest" time="0.600" classname="com.pld.Test.DemandTileExpTest"/>
  <testcase name="verifySkillTest" time="0.799" classname="com.pld.Test.DemandTileExpTest"/>
  <testcase name="verifyDataAvailabilefromOnlyJuneTest" time="0.086" classname="com.pld.Test.DemandTileExpTest"/>
  <testcase name="verifyWinOddsTest" time="0.079" classname="com.pld.Test.DemandTileExpTest"/>
</testsuite> <!-- com.pld.Test.DemandTileExpTest -->
