<?xml version="1.0" encoding="UTF-8"?>
<!-- Generated by org.testng.reporters.JUnitReportReporter -->
<testsuite hostname="shbudipa" name="com.pld.Test.BenchTileTest" tests="13" failures="0" timestamp="12 Jun 2019 11:29:40 GMT" time="2.985" errors="0">
  <testcase name="verifyBenchMixTest" time="0.123" classname="com.pld.Test.BenchTileTest"/>
  <testcase name="verifyAsOfTest" time="0.174" classname="com.pld.Test.BenchTileTest"/>
  <testcase name="verifyMTMTest" time="0.167" classname="com.pld.Test.BenchTileTest"/>
  <testcase name="verifyAgedBenchTest" time="0.247" classname="com.pld.Test.BenchTileTest"/>
  <testcase name="verifyBenchDoughnutChartTest" time="0.076" classname="com.pld.Test.BenchTileTest"/>
  <testcase name="verifyWeekRoll_OffsTest" time="0.174" classname="com.pld.Test.BenchTileTest"/>
  <testcase name="verifySkillsInShortageTest" time="0.126" classname="com.pld.Test.BenchTileTest"/>
  <testcase name="verifyBenchTileTest" time="0.455" classname="com.pld.Test.BenchTileTest"/>
  <testcase name="verifyGetSkillTest" time="0.889" classname="com.pld.Test.BenchTileTest"/>
  <testcase name="verifyCriticalSkillWithExcessTest" time="0.135" classname="com.pld.Test.BenchTileTest"/>
  <testcase name="verifyBenchByDateTest" time="0.107" classname="com.pld.Test.BenchTileTest"/>
  <testcase name="verifyPercentOfTotTest" time="0.170" classname="com.pld.Test.BenchTileTest"/>
  <testcase name="verifyHCTest" time="0.142" classname="com.pld.Test.BenchTileTest"/>
</testsuite> <!-- com.pld.Test.BenchTileTest -->
