<?xml version="1.0" encoding="UTF-8"?>
<!-- Generated by org.testng.reporters.JUnitReportReporter -->
<testsuite hostname="shbudipa" name="com.pld.Test.UtilizationExpDynamicElementTest" tests="1" failures="0" timestamp="19 Mar 2019 06:19:34 GMT" time="7.339" errors="0">
  <testcase name="verifyQtrEndProjectionvalue" time="7.339" classname="com.pld.Test.UtilizationExpDynamicElementTest"/>
</testsuite> <!-- com.pld.Test.UtilizationExpDynamicElementTest -->
