<?xml version="1.0" encoding="UTF-8"?>
<!-- Generated by org.testng.reporters.JUnitReportReporter -->
<testsuite hostname="shbudipa" name="com.pld.restassured.BenchEmployeeRollOff" tests="1" failures="0" timestamp="19 Mar 2019 09:09:09 GMT" time="2.960" errors="0">
  <testcase name="verifyBenchEmployeeRollOff" time="2.960" classname="com.pld.restassured.BenchEmployeeRollOff"/>
</testsuite> <!-- com.pld.restassured.BenchEmployeeRollOff -->
