<?xml version="1.0" encoding="UTF-8"?>
<!-- Generated by org.testng.reporters.JUnitReportReporter -->
<testsuite hostname="shbudipa" name="com.pld.Test.BandPyramidExpTest" tests="29" failures="0" timestamp="12 Jun 2019 11:29:40 GMT" time="4.872" errors="0">
  <testcase name="verifyCEDTest" time="0.063" classname="com.pld.Test.BandPyramidExpTest"/>
  <testcase name="verifyHeadCountTest" time="0.113" classname="com.pld.Test.BandPyramidExpTest"/>
  <testcase name="verifyNOrATest" time="0.078" classname="com.pld.Test.BandPyramidExpTest"/>
  <testcase name="verifyLATest" time="0.117" classname="com.pld.Test.BandPyramidExpTest"/>
  <testcase name="verifyFINPSTest" time="0.063" classname="com.pld.Test.BandPyramidExpTest"/>
  <testcase name="verifyPracticeDropDownTest" time="0.078" classname="com.pld.Test.BandPyramidExpTest"/>
  <testcase name="verifyContractorTest" time="0.078" classname="com.pld.Test.BandPyramidExpTest"/>
  <testcase name="verifyAllDropDownTest" time="0.062" classname="com.pld.Test.BandPyramidExpTest"/>
  <testcase name="clickOnBandPyramidTileTest" time="0.644" classname="com.pld.Test.BandPyramidExpTest"/>
  <testcase name="verifyCUSTADMTest" time="0.078" classname="com.pld.Test.BandPyramidExpTest"/>
  <testcase name="verifyPractictionerTypeTest" time="0.109" classname="com.pld.Test.BandPyramidExpTest"/>
  <testcase name="clickOnDashBoard" time="0.406" classname="com.pld.Test.BandPyramidExpTest"/>
  <testcase name="verifyExecTest" time="0.062" classname="com.pld.Test.BandPyramidExpTest"/>
  <testcase name="verifyActualHCTest" time="0.056" classname="com.pld.Test.BandPyramidExpTest"/>
  <testcase name="verifyBandPyramidTest" time="0.062" classname="com.pld.Test.BandPyramidExpTest"/>
  <testcase name="verifyEmployeesTest" time="0.062" classname="com.pld.Test.BandPyramidExpTest"/>
  <testcase name="verifyRowByTest" time="0.110" classname="com.pld.Test.BandPyramidExpTest"/>
  <testcase name="verifyGCGTest" time="0.062" classname="com.pld.Test.BandPyramidExpTest"/>
  <testcase name="verifySAPADMTest" time="0.250" classname="com.pld.Test.BandPyramidExpTest"/>
  <testcase name="verifyGeographyTest" time="0.094" classname="com.pld.Test.BandPyramidExpTest"/>
  <testcase name="verifyOtherTest" time="0.125" classname="com.pld.Test.BandPyramidExpTest"/>
  <testcase name="verifyEUTest" time="0.063" classname="com.pld.Test.BandPyramidExpTest"/>
  <testcase name="verifyCOLTOTTest" time="0.063" classname="com.pld.Test.BandPyramidExpTest"/>
  <testcase name="verifyTAandEPSTest" time="1.506" classname="com.pld.Test.BandPyramidExpTest"/>
  <testcase name="verifyBandTest" time="0.063" classname="com.pld.Test.BandPyramidExpTest"/>
  <testcase name="verifyClmByTest" time="0.062" classname="com.pld.Test.BandPyramidExpTest"/>
  <testcase name="verifyROWTOTTest" time="0.156" classname="com.pld.Test.BandPyramidExpTest"/>
  <testcase name="verifyBandPyramidChartTest" time="0.062" classname="com.pld.Test.BandPyramidExpTest"/>
  <testcase name="verifyJPTest" time="0.125" classname="com.pld.Test.BandPyramidExpTest"/>
</testsuite> <!-- com.pld.Test.BandPyramidExpTest -->
