<?xml version="1.0" encoding="UTF-8"?>
<!-- Generated by org.testng.reporters.JUnitReportReporter -->
<testsuite hostname="shbudipa" name="com.pld.restassured.UtilizationByCategory2" tests="1" failures="0" timestamp="19 Mar 2019 06:18:22 GMT" time="2.384" errors="0">
  <testcase name="verifyTotalheadcount" time="2.384" classname="com.pld.restassured.UtilizationByCategory2"/>
</testsuite> <!-- com.pld.restassured.UtilizationByCategory2 -->
