<?xml version="1.0" encoding="UTF-8"?>
<!-- Generated by org.testng.reporters.JUnitReportReporter -->
<testsuite hostname="shbudipa" name="com.pld.restassured.UtilTableFilters" tests="1" failures="0" timestamp="12 Mar 2019 11:24:00 GMT" time="2.389" errors="0">
  <testcase name="verifyUtiltableFilters" time="2.389" classname="com.pld.restassured.UtilTableFilters"/>
</testsuite> <!-- com.pld.restassured.UtilTableFilters -->
