<?xml version="1.0" encoding="UTF-8"?>
<!-- Generated by org.testng.reporters.JUnitReportReporter -->
<testsuite hostname="shbudipa" name="com.pld.Test.GapTileExpTest" tests="25" failures="0" timestamp="12 Jun 2019 11:29:40 GMT" time="4.260" errors="0">
  <testcase name="verifyDemand_TotalTest" time="0.062" classname="com.pld.Test.GapTileExpTest"/>
  <testcase name="verifyTopShortages_ViewTest" time="0.078" classname="com.pld.Test.GapTileExpTest"/>
  <testcase name="verifyTopExcesses_TOTHCTest" time="0.481" classname="com.pld.Test.GapTileExpTest"/>
  <testcase name="verifySupplyAndDemandTest" time="0.062" classname="com.pld.Test.GapTileExpTest"/>
  <testcase name="verifyTopExcessTest" time="0.063" classname="com.pld.Test.GapTileExpTest"/>
  <testcase name="verifyDepartTest" time="0.062" classname="com.pld.Test.GapTileExpTest"/>
  <testcase name="verifyTopExcesses_SubkHCTest" time="0.063" classname="com.pld.Test.GapTileExpTest"/>
  <testcase name="verifyTopShortages_CurrentGapTest" time="0.086" classname="com.pld.Test.GapTileExpTest"/>
  <testcase name="verifyTopShortages_TOTHCTest" time="1.529" classname="com.pld.Test.GapTileExpTest"/>
  <testcase name="verifySupply_TotalTest" time="0.063" classname="com.pld.Test.GapTileExpTest"/>
  <testcase name="verifyComtdTest" time="0.063" classname="com.pld.Test.GapTileExpTest"/>
  <testcase name="verifyOtherTest" time="0.063" classname="com.pld.Test.GapTileExpTest"/>
  <testcase name="verifyANOBsTest" time="0.063" classname="com.pld.Test.GapTileExpTest"/>
  <testcase name="verifyAvailableSupplyTest" time="0.062" classname="com.pld.Test.GapTileExpTest"/>
  <testcase name="verifyTopExcesses_CurrentGApTest" time="0.066" classname="com.pld.Test.GapTileExpTest"/>
  <testcase name="clickOnGapTileTest" time="0.477" classname="com.pld.Test.GapTileExpTest"/>
  <testcase name="verifyGapTrendTest" time="0.062" classname="com.pld.Test.GapTileExpTest"/>
  <testcase name="verifyTopShortagesTest" time="0.093" classname="com.pld.Test.GapTileExpTest"/>
  <testcase name="verifyTopShortages_SubkHCTest" time="0.078" classname="com.pld.Test.GapTileExpTest"/>
  <testcase name="verifyRollOffsAndbenchTest" time="0.062" classname="com.pld.Test.GapTileExpTest"/>
  <testcase name="verifyOppyTest" time="0.062" classname="com.pld.Test.GapTileExpTest"/>
  <testcase name="verifyTopExcess_viewTest" time="0.062" classname="com.pld.Test.GapTileExpTest"/>
  <testcase name="clickondashboard" time="0.372" classname="com.pld.Test.GapTileExpTest"/>
  <testcase name="verifyDemandOpenPositionsTest" time="0.063" classname="com.pld.Test.GapTileExpTest"/>
  <testcase name="verifyMonthTest" time="0.063" classname="com.pld.Test.GapTileExpTest"/>
</testsuite> <!-- com.pld.Test.GapTileExpTest -->
