<?xml version="1.0" encoding="UTF-8"?>
<!-- Generated by org.testng.reporters.JUnitReportReporter -->
<testsuite hostname="shbudipa" name="com.pld.restassured.DemandClientAndSkillColour" tests="1" failures="0" timestamp="12 Mar 2019 11:37:30 GMT" time="2.217" errors="0">
  <testcase name="verifyDemandClientAndSkillColor" time="2.217" classname="com.pld.restassured.DemandClientAndSkillColour"/>
</testsuite> <!-- com.pld.restassured.DemandClientAndSkillColour -->
