<?xml version="1.0" encoding="UTF-8"?>
<!-- Generated by org.testng.reporters.JUnitReportReporter -->
<testsuite hostname="shbudipa" name="com.pld.Test.CareerTileTest" tests="9" failures="0" timestamp="12 Jun 2019 11:29:40 GMT" time="4.087" errors="0">
  <testcase name="verifyOutliersTextTest" time="0.052" classname="com.pld.Test.CareerTileTest"/>
  <testcase name="verifyOrganicPlacementTest" time="0.063" classname="com.pld.Test.CareerTileTest"/>
  <testcase name="verifyYTDAsOfTextTest" time="0.058" classname="com.pld.Test.CareerTileTest"/>
  <testcase name="verifyGoalTextTest" time="0.055" classname="com.pld.Test.CareerTileTest"/>
  <testcase name="verifyTimeInBandTest" time="0.055" classname="com.pld.Test.CareerTileTest"/>
  <testcase name="verifyAverageTextTest" time="1.378" classname="com.pld.Test.CareerTileTest"/>
  <testcase name="verifyCareerTest" time="0.052" classname="com.pld.Test.CareerTileTest"/>
  <testcase name="verifyPromotionsTest" time="0.060" classname="com.pld.Test.CareerTileTest"/>
  <testcase name="verifyActualTextTest" time="2.314" classname="com.pld.Test.CareerTileTest"/>
</testsuite> <!-- com.pld.Test.CareerTileTest -->
