<?xml version="1.0" encoding="UTF-8"?>
<!-- Generated by org.testng.reporters.JUnitReportReporter -->
<testsuite hostname="shbudipa" name="com.pld.restassured.HiringAPI" tests="6" failures="0" timestamp="15 May 2019 10:01:44 GMT" time="11.180" errors="0">
  <testcase name="verifyHiringFunnel" time="1.162" classname="com.pld.restassured.HiringAPI"/>
  <testcase name="verifyKeyStaticsTable" time="0.684" classname="com.pld.restassured.HiringAPI"/>
  <testcase name="verifyRecentJoiners" time="7.338" classname="com.pld.restassured.HiringAPI"/>
  <testcase name="verifyHiresYTD_RowBy" time="0.570" classname="com.pld.restassured.HiringAPI"/>
  <testcase name="verifyHiresYTD_ColumnBy" time="0.777" classname="com.pld.restassured.HiringAPI"/>
  <testcase name="verifyHiringFunnelAsOF" time="0.649" classname="com.pld.restassured.HiringAPI"/>
</testsuite> <!-- com.pld.restassured.HiringAPI -->
