<?xml version="1.0" encoding="UTF-8"?>
<!-- Generated by org.testng.reporters.JUnitReportReporter -->
<testsuite hostname="shbudipa" name="com.pld.restassured.dashboard.HiringAPITest" tests="2" failures="0" timestamp="12 Jun 2019 11:29:40 GMT" time="91.305" errors="0">
  <testcase name="verifyHiringTableTest" time="31.895" classname="com.pld.restassured.dashboard.HiringAPITest"/>
  <testcase name="verifyHiringAsOfTest" time="59.410" classname="com.pld.restassured.dashboard.HiringAPITest"/>
</testsuite> <!-- com.pld.restassured.dashboard.HiringAPITest -->
