<?xml version="1.0" encoding="UTF-8"?>
<!-- Generated by org.testng.reporters.JUnitReportReporter -->
<testsuite hostname="shbudipa" name="com.pld.Test.SimpleAPITest" tests="1" failures="0" timestamp="11 Mar 2019 11:01:25 GMT" time="2.806" errors="0">
  <testcase name="getDropDownValues" time="2.806" classname="com.pld.Test.SimpleAPITest"/>
</testsuite> <!-- com.pld.Test.SimpleAPITest -->
