<?xml version="1.0" encoding="UTF-8"?>
<!-- Generated by org.testng.reporters.JUnitReportReporter -->
<testsuite hostname="shbudipa" name="com.pld.restassured.dashboard.DemandAPITest" tests="5" failures="0" timestamp="12 Jun 2019 11:29:40 GMT" time="190.530" errors="0">
  <testcase name="verifyTotalTest" time="40.384" classname="com.pld.restassured.dashboard.DemandAPITest"/>
  <testcase name="verifyDemandByCapapcityGroupGraphTest" time="42.936" classname="com.pld.restassured.dashboard.DemandAPITest"/>
  <testcase name="verifyDemandAsOfTest" time="32.218" classname="com.pld.restassured.dashboard.DemandAPITest"/>
  <testcase name="verifyOpenPositionChartTest" time="42.746" classname="com.pld.restassured.dashboard.DemandAPITest"/>
  <testcase name="verifyCoverageDelasTest" time="32.246" classname="com.pld.restassured.dashboard.DemandAPITest"/>
</testsuite> <!-- com.pld.restassured.dashboard.DemandAPITest -->
