<?xml version="1.0" encoding="UTF-8"?>
<!-- Generated by org.testng.reporters.JUnitReportReporter -->
<testsuite hostname="shbudipa" name="com.pld.Test.LearningExpTest" tests="23" failures="0" timestamp="12 Jun 2019 11:29:39 GMT" time="8.151" errors="0">
  <testcase name="verifyAvgDaysperPartTest" time="5.976" classname="com.pld.Test.LearningExpTest"/>
  <testcase name="verifyIndustry_UniqueParticipantsTest" time="0.062" classname="com.pld.Test.LearningExpTest"/>
  <testcase name="verifyIndustryTest" time="0.062" classname="com.pld.Test.LearningExpTest"/>
  <testcase name="verifyGrowthThemesAndOfferingsTest" time="0.063" classname="com.pld.Test.LearningExpTest"/>
  <testcase name="clickonDashBoard" time="0.414" classname="com.pld.Test.LearningExpTest"/>
  <testcase name="verifyIndustry_AvgDaysPerPartTest" time="0.063" classname="com.pld.Test.LearningExpTest"/>
  <testcase name="verifyServiceLineSubAreasTest" time="0.062" classname="com.pld.Test.LearningExpTest"/>
  <testcase name="verifyStudentDayDistributionChartTest" time="0.062" classname="com.pld.Test.LearningExpTest"/>
  <testcase name="verifyTrainingDetailsTest" time="0.063" classname="com.pld.Test.LearningExpTest"/>
  <testcase name="verifyStudentDaysTest" time="0.086" classname="com.pld.Test.LearningExpTest"/>
  <testcase name="verifyMetricTest" time="0.063" classname="com.pld.Test.LearningExpTest"/>
  <testcase name="verifyServiceline_uniqueParticipantsTest" time="0.078" classname="com.pld.Test.LearningExpTest"/>
  <testcase name="verifyUniqueParticipantsTest" time="0.066" classname="com.pld.Test.LearningExpTest"/>
  <testcase name="verifyPentPercTest" time="0.062" classname="com.pld.Test.LearningExpTest"/>
  <testcase name="verifyIndustry_StudentDaysTest" time="0.063" classname="com.pld.Test.LearningExpTest"/>
  <testcase name="verifyServiceLine_pentpercTest" time="0.062" classname="com.pld.Test.LearningExpTest"/>
  <testcase name="verifyTotalTest" time="0.062" classname="com.pld.Test.LearningExpTest"/>
  <testcase name="verifyServiceLine_AvgDaysPerpartTest" time="0.063" classname="com.pld.Test.LearningExpTest"/>
  <testcase name="verifyIndustry_PentPercTest" time="0.065" classname="com.pld.Test.LearningExpTest"/>
  <testcase name="verifyFivePlusOnePlusOneThemesTest" time="0.071" classname="com.pld.Test.LearningExpTest"/>
  <testcase name="verifyStudentDayDistributionTest" time="0.063" classname="com.pld.Test.LearningExpTest"/>
  <testcase name="verifyServiceLine_StudentDaysTest" time="0.063" classname="com.pld.Test.LearningExpTest"/>
  <testcase name="clickOnLearningTileTest" time="0.457" classname="com.pld.Test.LearningExpTest"/>
</testsuite> <!-- com.pld.Test.LearningExpTest -->
