<?xml version="1.0" encoding="UTF-8"?>
<!-- Generated by org.testng.reporters.JUnitReportReporter -->
<testsuite hostname="shbudipa" name="com.pld.restassured.dashboard.UtilizationladderAPITest" tests="3" failures="0" timestamp="12 Jun 2019 11:29:40 GMT" time="117.279" errors="0">
  <testcase name="verifyTotalHC" time="33.539" classname="com.pld.restassured.dashboard.UtilizationladderAPITest"/>
  <testcase name="verifyUtilizationLadder" time="30.613" classname="com.pld.restassured.dashboard.UtilizationladderAPITest"/>
  <testcase name="verifyUtilladAsOF" time="53.127" classname="com.pld.restassured.dashboard.UtilizationladderAPITest"/>
</testsuite> <!-- com.pld.restassured.dashboard.UtilizationladderAPITest -->
