<?xml version="1.0" encoding="UTF-8"?>
<!-- Generated by org.testng.reporters.JUnitReportReporter -->
<testsuite hostname="shbudipa" name="com.pld.restassured.dashboard.AttritionAPITest" tests="4" failures="0" timestamp="12 Jun 2019 11:29:39 GMT" time="213.081" errors="0">
  <testcase name="verifyAnnualizedRatesAndVoluntaryLosses" time="65.384" classname="com.pld.restassured.dashboard.AttritionAPITest"/>
  <testcase name="verifyAttritionLossReason" time="40.393" classname="com.pld.restassured.dashboard.AttritionAPITest"/>
  <testcase name="verifyAttritionBybandTest" time="52.654" classname="com.pld.restassured.dashboard.AttritionAPITest"/>
  <testcase name="verifyAttritionAsOFTest" time="54.650" classname="com.pld.restassured.dashboard.AttritionAPITest"/>
</testsuite> <!-- com.pld.restassured.dashboard.AttritionAPITest -->
