<?xml version="1.0" encoding="UTF-8"?>
<!-- Generated by org.testng.reporters.JUnitReportReporter -->
<testsuite hostname="shbudipa" name="com.pld.Test.DemandCoverageExpTest" tests="26" failures="0" timestamp="12 Jun 2019 11:29:40 GMT" time="8.391" errors="0">
  <testcase name="verifyOpportunityDetailsTest" time="0.079" classname="com.pld.Test.DemandCoverageExpTest"/>
  <testcase name="verifyViewTest" time="0.078" classname="com.pld.Test.DemandCoverageExpTest"/>
  <testcase name="verifySalesStageTest" time="0.078" classname="com.pld.Test.DemandCoverageExpTest"/>
  <testcase name="verifyOppIDTest" time="0.062" classname="com.pld.Test.DemandCoverageExpTest"/>
  <testcase name="verifyTCV_MTest" time="4.304" classname="com.pld.Test.DemandCoverageExpTest"/>
  <testcase name="verifyTCVTest" time="0.179" classname="com.pld.Test.DemandCoverageExpTest"/>
  <testcase name="verifyDealsTest" time="0.078" classname="com.pld.Test.DemandCoverageExpTest"/>
  <testcase name="verifyWithInThresholdTest" time="0.073" classname="com.pld.Test.DemandCoverageExpTest"/>
  <testcase name="verifyOpportunityNameTest" time="0.078" classname="com.pld.Test.DemandCoverageExpTest"/>
  <testcase name="verifyWithPlansTest" time="1.101" classname="com.pld.Test.DemandCoverageExpTest"/>
  <testcase name="verifyNoOfDealsTest" time="0.063" classname="com.pld.Test.DemandCoverageExpTest"/>
  <testcase name="verifyCustNameTest" time="0.078" classname="com.pld.Test.DemandCoverageExpTest"/>
  <testcase name="verifyDecisionDateTest" time="0.078" classname="com.pld.Test.DemandCoverageExpTest"/>
  <testcase name="clickOnDashBoard" time="0.468" classname="com.pld.Test.DemandCoverageExpTest"/>
  <testcase name="verifyOppOwnerNameTest" time="0.109" classname="com.pld.Test.DemandCoverageExpTest"/>
  <testcase name="verifyFutureTrendDemandCoverageChartTest" time="0.065" classname="com.pld.Test.DemandCoverageExpTest"/>
  <testcase name="verifyStartDateTest" time="0.094" classname="com.pld.Test.DemandCoverageExpTest"/>
  <testcase name="verifyWithNoPlansRequiredTest" time="0.062" classname="com.pld.Test.DemandCoverageExpTest"/>
  <testcase name="verifyDuration_MonthsTest" time="0.078" classname="com.pld.Test.DemandCoverageExpTest"/>
  <testcase name="verifyAsOfTest" time="0.078" classname="com.pld.Test.DemandCoverageExpTest"/>
  <testcase name="verifyMonthsTest" time="0.211" classname="com.pld.Test.DemandCoverageExpTest"/>
  <testcase name="clickOnDemandCoverageTileTest" time="0.597" classname="com.pld.Test.DemandCoverageExpTest"/>
  <testcase name="verifyWithNoPlansTest" time="0.096" classname="com.pld.Test.DemandCoverageExpTest"/>
  <testcase name="verifyDemandCoverageTest" time="0.061" classname="com.pld.Test.DemandCoverageExpTest"/>
  <testcase name="verifyOfferingTest" time="0.078" classname="com.pld.Test.DemandCoverageExpTest"/>
  <testcase name="verifyRoadmapStatusTest" time="0.065" classname="com.pld.Test.DemandCoverageExpTest"/>
</testsuite> <!-- com.pld.Test.DemandCoverageExpTest -->
