<?xml version="1.0" encoding="UTF-8"?>
<!-- Generated by org.testng.reporters.JUnitReportReporter -->
<testsuite hostname="shbudipa" name="com.pld.restassured.DemandOpenPositionChartAPI" tests="1" failures="0" timestamp="13 Mar 2019 05:47:55 GMT" time="6.569" errors="0">
  <testcase name="verifyOpenPositionChartdata" time="6.569" classname="com.pld.restassured.DemandOpenPositionChartAPI"/>
</testsuite> <!-- com.pld.restassured.DemandOpenPositionChartAPI -->
