<?xml version="1.0" encoding="UTF-8"?>
<!-- Generated by org.testng.reporters.JUnitReportReporter -->
<testsuite hostname="shbudipa" name="com.pld.restassured.GapSupplyAndDemandAPI" tests="5" failures="0" timestamp="15 May 2019 10:01:44 GMT" time="4.175" errors="0">
  <testcase name="verifyMonthsColumnheader" time="0.611" classname="com.pld.restassured.GapSupplyAndDemandAPI"/>
  <testcase name="verifyTopShortageTable" time="1.033" classname="com.pld.restassured.GapSupplyAndDemandAPI"/>
  <testcase name="verifySupplyAndDemand" time="0.811" classname="com.pld.restassured.GapSupplyAndDemandAPI"/>
  <testcase name="verifyMonthsColumnheader2" time="0.676" classname="com.pld.restassured.GapSupplyAndDemandAPI"/>
  <testcase name="verifyTopExcesses" time="1.044" classname="com.pld.restassured.GapSupplyAndDemandAPI"/>
</testsuite> <!-- com.pld.restassured.GapSupplyAndDemandAPI -->
