<?xml version="1.0" encoding="UTF-8"?>
<!-- Generated by org.testng.reporters.JUnitReportReporter -->
<testsuite hostname="shbudipa" name="com.pld.Test.VerifyUtilizationTest" tests="9" failures="0" timestamp="12 Jun 2019 11:29:39 GMT" time="65.966" errors="0">
  <testcase name="verifyChargetext" time="0.109" classname="com.pld.Test.VerifyUtilizationTest"/>
  <testcase name="verifyActText" time="0.486" classname="com.pld.Test.VerifyUtilizationTest"/>
  <testcase name="verifyUtiltile" time="64.738" classname="com.pld.Test.VerifyUtilizationTest"/>
  <testcase name="verifyTargetUtilizationTest" time="0.099" classname="com.pld.Test.VerifyUtilizationTest"/>
  <testcase name="verifyBillabletext" time="0.094" classname="com.pld.Test.VerifyUtilizationTest"/>
  <testcase name="verifyYTYtext" time="0.140" classname="com.pld.Test.VerifyUtilizationTest"/>
  <testcase name="verifyPrioritytext" time="0.096" classname="com.pld.Test.VerifyUtilizationTest"/>
  <testcase name="verifyUtilBarGraph" time="0.094" classname="com.pld.Test.VerifyUtilizationTest"/>
  <testcase name="verifyTargettext" time="0.110" classname="com.pld.Test.VerifyUtilizationTest"/>
</testsuite> <!-- com.pld.Test.VerifyUtilizationTest -->
