<?xml version="1.0" encoding="UTF-8"?>
<!-- Generated by org.testng.reporters.JUnitReportReporter -->
<testsuite hostname="shbudipa" name="com.pld.restassured.DemandCoverageAPI" tests="5" failures="0" timestamp="15 May 2019 10:01:44 GMT" time="8.561" errors="0">
  <testcase name="verifyOpportunityDetailsViewdropdown" time="0.594" classname="com.pld.restassured.DemandCoverageAPI"/>
  <testcase name="verifyOpportunityDetailstableAPI" time="5.352" classname="com.pld.restassured.DemandCoverageAPI"/>
  <testcase name="verifyDemandCoverageDetailsAPI" time="1.555" classname="com.pld.restassured.DemandCoverageAPI"/>
  <testcase name="verifyDemandCoverageExpAsOf" time="0.527" classname="com.pld.restassured.DemandCoverageAPI"/>
  <testcase name="verifyOpportunityDetailsASOfAPI" time="0.533" classname="com.pld.restassured.DemandCoverageAPI"/>
</testsuite> <!-- com.pld.restassured.DemandCoverageAPI -->
