<?xml version="1.0" encoding="UTF-8"?>
<!-- Generated by org.testng.reporters.JUnitReportReporter -->
<testsuite hostname="shbudipa" name="com.pld.Test.HiringTileTest" tests="9" failures="0" timestamp="12 Jun 2019 11:29:40 GMT" time="4.108" errors="0">
  <testcase name="verifyANOBsTest" time="3.219" classname="com.pld.Test.HiringTileTest"/>
  <testcase name="verifyEPHPercentTest" time="0.098" classname="com.pld.Test.HiringTileTest"/>
  <testcase name="verifyAvg_BandTest" time="0.069" classname="com.pld.Test.HiringTileTest"/>
  <testcase name="verifyYTDHiresTest" time="0.158" classname="com.pld.Test.HiringTileTest"/>
  <testcase name="verifyYTDAsOfTest" time="0.099" classname="com.pld.Test.HiringTileTest"/>
  <testcase name="verifyActualTest" time="0.150" classname="com.pld.Test.HiringTileTest"/>
  <testcase name="verifyOpenRequistionsTest" time="0.095" classname="com.pld.Test.HiringTileTest"/>
  <testcase name="verifyGoalTest" time="0.087" classname="com.pld.Test.HiringTileTest"/>
  <testcase name="verifyHiringTest" time="0.133" classname="com.pld.Test.HiringTileTest"/>
</testsuite> <!-- com.pld.Test.HiringTileTest -->
