<?xml version="1.0" encoding="UTF-8"?>
<!-- Generated by org.testng.reporters.JUnitReportReporter -->
<testsuite hostname="shbudipa" name="com.pld.restassured.GapSupplyAndDemandAPITest" tests="5" failures="0" timestamp="12 Jun 2019 11:29:40 GMT" time="274.584" errors="0">
  <testcase name="verifyTopExcesses" time="64.074" classname="com.pld.restassured.GapSupplyAndDemandAPITest"/>
  <testcase name="verifyMonthsColumnheader2" time="29.652" classname="com.pld.restassured.GapSupplyAndDemandAPITest"/>
  <testcase name="verifyMonthsColumnheader" time="89.274" classname="com.pld.restassured.GapSupplyAndDemandAPITest"/>
  <testcase name="verifyTopShortageTable" time="40.579" classname="com.pld.restassured.GapSupplyAndDemandAPITest"/>
  <testcase name="verifySupplyAndDemand" time="51.005" classname="com.pld.restassured.GapSupplyAndDemandAPITest"/>
</testsuite> <!-- com.pld.restassured.GapSupplyAndDemandAPITest -->
