<?xml version="1.0" encoding="UTF-8"?>
<!-- Generated by org.testng.reporters.JUnitReportReporter -->
<testsuite hostname="shbudipa" name="com.pld.restassured.BenchTableFilters" tests="1" failures="0" timestamp="12 Mar 2019 11:36:19 GMT" time="2.460" errors="0">
  <testcase name="verifyBenchTableFilters" time="2.460" classname="com.pld.restassured.BenchTableFilters"/>
</testsuite> <!-- com.pld.restassured.BenchTableFilters -->
