<?xml version="1.0" encoding="UTF-8"?>
<!-- Generated by org.testng.reporters.JUnitReportReporter -->
<testsuite hostname="shbudipa" name="com.pld.Test.CareerExpTest" tests="30" failures="0" timestamp="12 Jun 2019 11:29:40 GMT" time="21.131" errors="0">
  <testcase name="verifyPromoOutTest" time="0.109" classname="com.pld.Test.CareerExpTest"/>
  <testcase name="verifyPromoInTextTest" time="0.094" classname="com.pld.Test.CareerExpTest"/>
  <testcase name="clickOnDashBoardTest" time="0.486" classname="com.pld.Test.CareerExpTest"/>
  <testcase name="verifyProfHiresTextTest" time="0.069" classname="com.pld.Test.CareerExpTest"/>
  <testcase name="verifyProfHiresTest" time="0.094" classname="com.pld.Test.CareerExpTest"/>
  <testcase name="verifyOtherTest" time="0.093" classname="com.pld.Test.CareerExpTest"/>
  <testcase name="verifyXfrsOutTest" time="0.172" classname="com.pld.Test.CareerExpTest"/>
  <testcase name="clickOnCareerExpTileTest" time="0.432" classname="com.pld.Test.CareerExpTest"/>
  <testcase name="verifyEPHTest" time="0.078" classname="com.pld.Test.CareerExpTest"/>
  <testcase name="verifyEISTest" time="0.079" classname="com.pld.Test.CareerExpTest"/>
  <testcase name="verifyAverageTimeInBandTest" time="0.070" classname="com.pld.Test.CareerExpTest"/>
  <testcase name="verifyEPHTextTest" time="0.097" classname="com.pld.Test.CareerExpTest"/>
  <testcase name="verifyPromoInTest" time="0.094" classname="com.pld.Test.CareerExpTest"/>
  <testcase name="verifyXfrsOutTextTest" time="1.090" classname="com.pld.Test.CareerExpTest"/>
  <testcase name="verifyEISTextTest" time="0.078" classname="com.pld.Test.CareerExpTest"/>
  <testcase name="verifyguideLineTest" time="0.140" classname="com.pld.Test.CareerExpTest"/>
  <testcase name="verifyBandMixTrendChartTest" time="0.062" classname="com.pld.Test.CareerExpTest"/>
  <testcase name="verifyOtherAddsTest" time="0.094" classname="com.pld.Test.CareerExpTest"/>
  <testcase name="verifyAddsAndLossesChartTest" time="0.063" classname="com.pld.Test.CareerExpTest"/>
  <testcase name="verifyPromoOutTextTest" time="0.078" classname="com.pld.Test.CareerExpTest"/>
  <testcase name="verifyBandTest" time="0.063" classname="com.pld.Test.CareerExpTest"/>
  <testcase name="verifyBandMixTrendTest" time="0.062" classname="com.pld.Test.CareerExpTest"/>
  <testcase name="verifyBandOutliersTest" time="0.094" classname="com.pld.Test.CareerExpTest"/>
  <testcase name="verifyBandTextTest" time="0.078" classname="com.pld.Test.CareerExpTest"/>
  <testcase name="verifyXfrsInTextTest" time="0.082" classname="com.pld.Test.CareerExpTest"/>
  <testcase name="verifyXfrsInTest" time="0.078" classname="com.pld.Test.CareerExpTest"/>
  <testcase name="verifyAvgTimeInbandTest" time="0.093" classname="com.pld.Test.CareerExpTest"/>
  <testcase name="verifyOtherAddsTextTest" time="0.094" classname="com.pld.Test.CareerExpTest"/>
  <testcase name="verifyOtherTextTest" time="0.112" classname="com.pld.Test.CareerExpTest"/>
  <testcase name="verifyAverageBandTest" time="16.803" classname="com.pld.Test.CareerExpTest"/>
</testsuite> <!-- com.pld.Test.CareerExpTest -->
