<?xml version="1.0" encoding="UTF-8"?>
<!-- Generated by org.testng.reporters.JUnitReportReporter -->
<testsuite hostname="shbudipa" name="com.pld.Test.FTEbyContractCoadingTest" tests="7" failures="0" timestamp="12 Jun 2019 11:29:40 GMT" time="3.097" errors="0">
  <testcase name="verifyFTETileTest" time="0.073" classname="com.pld.Test.FTEbyContractCoadingTest"/>
  <testcase name="verifyDSandiXTest" time="0.105" classname="com.pld.Test.FTEbyContractCoadingTest"/>
  <testcase name="verifyFTEByContractCodingDoughnutChartTest" time="0.141" classname="com.pld.Test.FTEbyContractCoadingTest"/>
  <testcase name="verifyADMITest" time="2.409" classname="com.pld.Test.FTEbyContractCoadingTest"/>
  <testcase name="verifyCAMSTest" time="0.135" classname="com.pld.Test.FTEbyContractCoadingTest"/>
  <testcase name="verifyCAITest" time="0.104" classname="com.pld.Test.FTEbyContractCoadingTest"/>
  <testcase name="verifyCPTTest" time="0.130" classname="com.pld.Test.FTEbyContractCoadingTest"/>
</testsuite> <!-- com.pld.Test.FTEbyContractCoadingTest -->
