<?xml version="1.0" encoding="UTF-8"?>
<!-- Generated by org.testng.reporters.JUnitReportReporter -->
<testsuite hostname="shbudipa" name="com.pld.restassured.BenchAgeByCatrgory" tests="5" failures="0" timestamp="15 May 2019 10:01:45 GMT" time="11.594" errors="0">
  <testcase name="verifyBenchByAgedata" time="0.682" classname="com.pld.restassured.BenchAgeByCatrgory"/>
  <testcase name="verifyBenchEmployeeRollOff" time="2.320" classname="com.pld.restassured.BenchAgeByCatrgory"/>
  <testcase name="verifyBenchAgeByCategory" time="4.144" classname="com.pld.restassured.BenchAgeByCatrgory"/>
  <testcase name="verifyBenchTableFilters" time="0.793" classname="com.pld.restassured.BenchAgeByCatrgory"/>
  <testcase name="verifyBenchHCbyWeekdata" time="3.655" classname="com.pld.restassured.BenchAgeByCatrgory"/>
</testsuite> <!-- com.pld.restassured.BenchAgeByCatrgory -->
