<?xml version="1.0" encoding="UTF-8"?>
<!-- Generated by org.testng.reporters.JUnitReportReporter -->
<testsuite hostname="shbudipa" name="com.pld.restassured.DemandClientAndSkill" tests="5" failures="0" timestamp="21 May 2019 06:39:57 GMT" time="4.487" errors="0">
  <testcase name="verifyDemandOpenPositiondata" time="0.378" classname="com.pld.restassured.DemandClientAndSkill"/>
  <testcase name="verifyOpenPositionChartdata" time="1.364" classname="com.pld.restassured.DemandClientAndSkill"/>
  <testcase name="verifyOpenPositiontable" time="1.610" classname="com.pld.restassured.DemandClientAndSkill"/>
  <testcase name="verifyDemandClientAndSkill" time="0.756" classname="com.pld.restassured.DemandClientAndSkill"/>
  <testcase name="verifyDemandClientAndSkillColor" time="0.379" classname="com.pld.restassured.DemandClientAndSkill"/>
</testsuite> <!-- com.pld.restassured.DemandClientAndSkill -->
