<?xml version="1.0" encoding="UTF-8"?>
<!-- Generated by org.testng.reporters.JUnitReportReporter -->
<testsuite hostname="shbudipa" name="com.pld.Test.GapTileTest" tests="7" failures="0" timestamp="12 Jun 2019 11:29:40 GMT" time="0.488" errors="0">
  <testcase name="verifyGapTest" time="0.065" classname="com.pld.Test.GapTileTest"/>
  <testcase name="verifyExcessTest" time="0.062" classname="com.pld.Test.GapTileTest"/>
  <testcase name="verifyCurrentTest" time="0.063" classname="com.pld.Test.GapTileTest"/>
  <testcase name="verifyShortagesTest" time="0.062" classname="com.pld.Test.GapTileTest"/>
  <testcase name="verifyNetgapTest" time="0.110" classname="com.pld.Test.GapTileTest"/>
  <testcase name="verifyGapChartTest" time="0.063" classname="com.pld.Test.GapTileTest"/>
  <testcase name="verifyTextAsOfTest" time="0.063" classname="com.pld.Test.GapTileTest"/>
</testsuite> <!-- com.pld.Test.GapTileTest -->
