<?xml version="1.0" encoding="UTF-8"?>
<!-- Generated by org.testng.reporters.JUnitReportReporter -->
<testsuite hostname="shbudipa" name="com.pld.restassured.NewFilters" tests="9" failures="0" timestamp="10 May 2019 10:52:51 GMT" time="8.909" errors="0">
  <testcase name="verifyGeography_Country" time="0.983" classname="com.pld.restassured.NewFilters"/>
  <testcase name="verifySectorFilter" time="0.954" classname="com.pld.restassured.NewFilters"/>
  <testcase name="verifyGrowthplatform_Filters" time="0.989" classname="com.pld.restassured.NewFilters"/>
  <testcase name="verifyGrowthPlatform_Practice" time="0.940" classname="com.pld.restassured.NewFilters"/>
  <testcase name="verifyGeography_IMT" time="0.952" classname="com.pld.restassured.NewFilters"/>
  <testcase name="verifyGeographyFilter" time="1.214" classname="com.pld.restassured.NewFilters"/>
  <testcase name="verifyLaborPoolfilterdata" time="0.969" classname="com.pld.restassured.NewFilters"/>
  <testcase name="verifyGrowthPlatform_ServiceLine" time="0.937" classname="com.pld.restassured.NewFilters"/>
  <testcase name="verifyGeography_Region" time="0.971" classname="com.pld.restassured.NewFilters"/>
</testsuite> <!-- com.pld.restassured.NewFilters -->
