<?xml version="1.0" encoding="UTF-8"?>
<!-- Generated by org.testng.reporters.JUnitReportReporter -->
<testsuite hostname="shbudipa" name="com.pld.restassured.UtilizationEmployees" tests="1" failures="0" timestamp="12 Mar 2019 11:19:43 GMT" time="3.103" errors="0">
  <testcase name="verifyUtilizationEmployees" time="3.103" classname="com.pld.restassured.UtilizationEmployees"/>
</testsuite> <!-- com.pld.restassured.UtilizationEmployees -->
